\BOOKMARK [0][-]{figure.caption.1}{-0.12inBlueIntroduction g\351n\351rale}{}% 1
\BOOKMARK [0][-]{figure.caption.1}{-0.12inBluePlanification}{}% 2
\BOOKMARK [0][-]{figure.caption.4}{BlueChapitre I : \311tude G\351n\351ral}{}% 3
\BOOKMARK [1][-]{section.0.1}{Introduction}{figure.caption.4}% 4
\BOOKMARK [1][-]{section.0.2}{Le d\351veloppement Web}{figure.caption.4}% 5
\BOOKMARK [1][-]{section.0.3}{Outils de d\351veloppement Web}{figure.caption.4}% 6
\BOOKMARK [1][-]{section.0.4}{\311tude sur la gestion des recours}{figure.caption.4}% 7
\BOOKMARK [2][-]{subsection.0.4.1}{C'est quoi un recours?}{section.0.4}% 8
\BOOKMARK [2][-]{subsection.0.4.2}{Mod\350le d\220un recours}{section.0.4}% 9
\BOOKMARK [1][-]{section.0.5}{La solution actuelle}{figure.caption.4}% 10
\BOOKMARK [2][-]{subsection.0.5.1}{Les points forts}{section.0.5}% 11
\BOOKMARK [2][-]{subsection.0.5.2}{Les points faibles}{section.0.5}% 12
\BOOKMARK [1][-]{section.0.6}{Le brainstorming}{figure.caption.4}% 13
\BOOKMARK [2][-]{subsection.0.6.1}{Introduction}{section.0.6}% 14
\BOOKMARK [2][-]{subsection.0.6.2}{Les r\350gles du brainstorming}{section.0.6}% 15
\BOOKMARK [2][-]{subsection.0.6.3}{Le brainstorming avec les \351tudiants}{section.0.6}% 16
\BOOKMARK [1][-]{section.0.7}{La solution propos\351e}{figure.caption.4}% 17
\BOOKMARK [1][-]{section.0.8}{Conclusion}{figure.caption.4}% 18
\BOOKMARK [0][-]{section.0.8}{BlueChapitre II : Analyse \046 Conception}{}% 19
\BOOKMARK [1][-]{section.0.1}{Introduction}{section.0.8}% 20
\BOOKMARK [2][-]{subsection.0.1.1}{Objectifs de l\220analyse}{section.0.1}% 21
\BOOKMARK [2][-]{subsection.0.1.2}{Objectifs de la conception}{section.0.1}% 22
\BOOKMARK [1][-]{section.0.2}{M\351thodes utilis\351e}{section.0.8}% 23
\BOOKMARK [2][-]{subsection.0.2.1}{UML}{section.0.2}% 24
\BOOKMARK [2][-]{subsection.0.2.2}{PlantUML}{section.0.2}% 25
\BOOKMARK [2][-]{subsection.0.2.3}{PlantUML Previewer}{section.0.2}% 26
\BOOKMARK [2][-]{subsection.0.2.4}{Graphviz}{section.0.2}% 27
\BOOKMARK [2][-]{subsection.0.2.5}{Vim}{section.0.2}% 28
\BOOKMARK [1][-]{section.0.3}{Diagrammes}{section.0.8}% 29
\BOOKMARK [2][-]{subsection.0.3.1}{Diagrammes de cas d'utilisation}{section.0.3}% 30
\BOOKMARK [2][-]{subsection.0.3.2}{Diagrammes de s\351quence}{section.0.3}% 31
\BOOKMARK [2][-]{subsection.0.3.3}{Diagrammes d'activit\351}{section.0.3}% 32
\BOOKMARK [2][-]{subsection.0.3.4}{Diagramme de d\351ploiement}{section.0.3}% 33
\BOOKMARK [2][-]{subsection.0.3.5}{Diagrammes des classes}{section.0.3}% 34
\BOOKMARK [1][-]{section.0.4}{Conclusion}{section.0.8}% 35
\BOOKMARK [0][-]{section.0.4}{BlueChapitre III : R\351alisation}{}% 36
\BOOKMARK [1][-]{section.0.1}{Introduction}{section.0.4}% 37
\BOOKMARK [1][-]{section.0.2}{Les langages de programmation utilis\351s}{section.0.4}% 38
\BOOKMARK [2][-]{subsection.0.2.1}{HTML}{section.0.2}% 39
\BOOKMARK [2][-]{subsection.0.2.2}{CSS}{section.0.2}% 40
\BOOKMARK [2][-]{subsection.0.2.3}{Bootstrap}{section.0.2}% 41
\BOOKMARK [2][-]{subsection.0.2.4}{Javascript}{section.0.2}% 42
\BOOKMARK [2][-]{subsection.0.2.5}{PHP}{section.0.2}% 43
\BOOKMARK [2][-]{subsection.0.2.6}{MySQL}{section.0.2}% 44
\BOOKMARK [1][-]{section.0.3}{Les outils utilis\351s}{section.0.4}% 45
\BOOKMARK [2][-]{subsection.0.3.1}{Vim}{section.0.3}% 46
\BOOKMARK [2][-]{subsection.0.3.2}{Apache}{section.0.3}% 47
\BOOKMARK [2][-]{subsection.0.3.3}{Mycli}{section.0.3}% 48
\BOOKMARK [2][-]{subsection.0.3.4}{PhpMyAdmin}{section.0.3}% 49
\BOOKMARK [1][-]{section*.88}{Architecture}{section.0.4}% 50
\BOOKMARK [1][-]{section.0.5}{Environnement mat\351riel}{section.0.4}% 51
\BOOKMARK [1][-]{section.0.6}{Le site Web}{section.0.4}% 52
\BOOKMARK [2][-]{subsection.0.6.1}{Page de connexion}{section.0.6}% 53
\BOOKMARK [2][-]{subsection.0.6.2}{Page d'inscription}{section.0.6}% 54
\BOOKMARK [2][-]{subsection.0.6.3}{Page d'inscription compl\350te}{section.0.6}% 55
\BOOKMARK [2][-]{subsection.0.6.4}{Page d'accueil}{section.0.6}% 56
\BOOKMARK [2][-]{subsection.0.6.5}{Page de profil pour un \351tudiant}{section.0.6}% 57
\BOOKMARK [2][-]{subsection.0.6.6}{Page des param\350tres}{section.0.6}% 58
\BOOKMARK [2][-]{subsection.0.6.7}{Page de profil pour un enseignant}{section.0.6}% 59
\BOOKMARK [2][-]{subsection.0.6.8}{Page de profil pour un administrateur}{section.0.6}% 60
\BOOKMARK [2][-]{subsection.0.6.9}{Page de trafic}{section.0.6}% 61
\BOOKMARK [2][-]{subsection.0.6.10}{Page du tableau de bord}{section.0.6}% 62
\BOOKMARK [2][-]{subsection.0.6.11}{Page des graphiques}{section.0.6}% 63
\BOOKMARK [2][-]{subsection.0.6.12}{Les pages Web r\351actives \(responsive\)}{section.0.6}% 64
\BOOKMARK [2][-]{subsection.0.6.13}{Page contactez-nous}{section.0.6}% 65
\BOOKMARK [1][-]{section.0.7}{Conclusion}{section.0.4}% 66
\BOOKMARK [0][-]{section.0.7}{-0.12inBlueConclusion g\351n\351rale}{}% 67
