This is pdfTeX, Version 3.14159265-2.6-1.40.18 (TeX Live 2017/Debian) (preloaded format=pdflatex 2019.11.23)  4 NOV 2020 13:23
entering extended mode
 restricted \write18 enabled.
 %&-line parsing enabled.
**/home/nemo/Work/DashRecours/PFE/Memoir/PFE.tex
(/home/nemo/Work/DashRecours/PFE/Memoir/PFE.tex
LaTeX2e <2017-04-15>
Babel <3.18> and hyphenation patterns for 84 language(s) loaded.
(/usr/share/texlive/texmf-dist/tex/latex/base/report.cls
Document Class: report 2014/09/29 v1.4h Standard LaTeX document class
(/usr/share/texlive/texmf-dist/tex/latex/base/size12.clo
File: size12.clo 2014/09/29 v1.4h Standard LaTeX file (size option)
)
\c@part=\count79
\c@chapter=\count80
\c@section=\count81
\c@subsection=\count82
\c@subsubsection=\count83
\c@paragraph=\count84
\c@subparagraph=\count85
\c@figure=\count86
\c@table=\count87
\abovecaptionskip=\skip41
\belowcaptionskip=\skip42
\bibindent=\dimen102
)
(/usr/share/texlive/texmf-dist/tex/latex/setspace/setspace.sty
Package: setspace 2011/12/19 v6.7a set line spacing
)
(/usr/share/texlive/texmf-dist/tex/latex/float/float.sty
Package: float 2001/11/08 v1.3d Float enhancements (AL)
\c@float@type=\count88
\float@exts=\toks14
\float@box=\box26
\@float@everytoks=\toks15
\@floatcapt=\box27
)
(/usr/share/texlive/texmf-dist/tex/latex/lipsum/lipsum.sty
Package: lipsum 2014/07/27 v1.3 150 paragraphs of Lorem Ipsum dummy text
\c@lips@count=\count89
)
(/usr/share/texlive/texmf-dist/tex/latex/graphics/graphicx.sty
Package: graphicx 2017/06/01 v1.1a Enhanced LaTeX Graphics (DPC,SPQR)

(/usr/share/texlive/texmf-dist/tex/latex/graphics/keyval.sty
Package: keyval 2014/10/28 v1.15 key=value parser (DPC)
\KV@toks@=\toks16
)
(/usr/share/texlive/texmf-dist/tex/latex/graphics/graphics.sty
Package: graphics 2017/06/25 v1.2c Standard LaTeX Graphics (DPC,SPQR)

(/usr/share/texlive/texmf-dist/tex/latex/graphics/trig.sty
Package: trig 2016/01/03 v1.10 sin cos tan (DPC)
)
(/usr/share/texlive/texmf-dist/tex/latex/graphics-cfg/graphics.cfg
File: graphics.cfg 2016/06/04 v1.11 sample graphics configuration
)
Package graphics Info: Driver file: pdftex.def on input line 99.

(/usr/share/texlive/texmf-dist/tex/latex/graphics-def/pdftex.def
File: pdftex.def 2018/01/08 v1.0l Graphics/color driver for pdftex
))
\Gin@req@height=\dimen103
\Gin@req@width=\dimen104
)
(/usr/share/texlive/texmf-dist/tex/latex/xcolor/xcolor.sty
Package: xcolor 2016/05/11 v2.12 LaTeX color extensions (UK)

(/usr/share/texlive/texmf-dist/tex/latex/graphics-cfg/color.cfg
File: color.cfg 2016/01/02 v1.6 sample color configuration
)
Package xcolor Info: Driver file: pdftex.def on input line 225.

(/usr/share/texlive/texmf-dist/tex/latex/colortbl/colortbl.sty
Package: colortbl 2012/02/13 v1.0a Color table columns (DPC)

(/usr/share/texlive/texmf-dist/tex/latex/tools/array.sty
Package: array 2016/10/06 v2.4d Tabular extension package (FMi)
\col@sep=\dimen105
\extrarowheight=\dimen106
\NC@list=\toks17
\extratabsurround=\skip43
\backup@length=\skip44
)
\everycr=\toks18
\minrowclearance=\skip45
)
\rownum=\count90
Package xcolor Info: Model `cmy' substituted by `cmy0' on input line 1348.
Package xcolor Info: Model `hsb' substituted by `rgb' on input line 1352.
Package xcolor Info: Model `RGB' extended on input line 1364.
Package xcolor Info: Model `HTML' substituted by `rgb' on input line 1366.
Package xcolor Info: Model `Hsb' substituted by `hsb' on input line 1367.
Package xcolor Info: Model `tHsb' substituted by `hsb' on input line 1368.
Package xcolor Info: Model `HSB' substituted by `hsb' on input line 1369.
Package xcolor Info: Model `Gray' substituted by `gray' on input line 1370.
Package xcolor Info: Model `wave' substituted by `hsb' on input line 1371.

(/usr/share/texlive/texmf-dist/tex/latex/graphics/dvipsnam.def
File: dvipsnam.def 2016/06/17 v3.0m Driver-dependent file (DPC,SPQR)
))
(/usr/share/texlive/texmf-dist/tex/latex/titlesec/titlesec.sty
Package: titlesec 2016/03/21 v2.10.2 Sectioning titles
\ttl@box=\box28
\beforetitleunit=\skip46
\aftertitleunit=\skip47
\ttl@plus=\dimen107
\ttl@minus=\dimen108
\ttl@toksa=\toks19
\titlewidth=\dimen109
\titlewidthlast=\dimen110
\titlewidthfirst=\dimen111
)
(/usr/share/texlive/texmf-dist/tex/latex/titlesec/titletoc.sty
Package: titletoc 2011/12/15 v1.6 TOC entries
\ttl@leftsep=\dimen112
)
(/usr/share/texlive/texmf-dist/tex/latex/titling/titling.sty
Package: titling 2009/09/04 v2.1d maketitle typesetting
\thanksmarkwidth=\skip48
\thanksmargin=\skip49
\droptitle=\skip50
)
(/usr/share/texlive/texmf-dist/tex/latex/base/fontenc.sty
Package: fontenc 2017/04/05 v2.0i Standard LaTeX package

(/usr/share/texlive/texmf-dist/tex/latex/base/t1enc.def
File: t1enc.def 2017/04/05 v2.0i Standard LaTeX file
LaTeX Font Info:    Redeclaring font encoding T1 on input line 48.
))
(/usr/share/texlive/texmf-dist/tex/latex/base/inputenc.sty
Package: inputenc 2015/03/17 v1.2c Input encoding file
\inpenc@prehook=\toks20
\inpenc@posthook=\toks21

(/usr/share/texlive/texmf-dist/tex/latex/ucs/utf8x.def
File: utf8x.def 2004/10/17 UCS: Input encoding UTF-8
))
(/usr/share/texlive/texmf-dist/tex/latex/ucs/ucs.sty
Package: ucs 2013/05/11 v2.2 UCS: Unicode input support

(/usr/share/texlive/texmf-dist/tex/latex/ucs/data/uni-global.def
File: uni-global.def 2013/05/13 UCS: Unicode global data
)
\uc@secondtry=\count91
\uc@combtoks=\toks22
\uc@combtoksb=\toks23
\uc@temptokena=\toks24
)
(/usr/share/texlive/texmf-dist/tex/latex/amsmath/amsmath.sty
Package: amsmath 2017/09/02 v2.17a AMS math features
\@mathmargin=\skip51

For additional information on amsmath, use the `?' option.
(/usr/share/texlive/texmf-dist/tex/latex/amsmath/amstext.sty
Package: amstext 2000/06/29 v2.01 AMS text

(/usr/share/texlive/texmf-dist/tex/latex/amsmath/amsgen.sty
File: amsgen.sty 1999/11/30 v2.0 generic functions
\@emptytoks=\toks25
\ex@=\dimen113
))
(/usr/share/texlive/texmf-dist/tex/latex/amsmath/amsbsy.sty
Package: amsbsy 1999/11/29 v1.2d Bold Symbols
\pmbraise@=\dimen114
)
(/usr/share/texlive/texmf-dist/tex/latex/amsmath/amsopn.sty
Package: amsopn 2016/03/08 v2.02 operator names
)
\inf@bad=\count92
LaTeX Info: Redefining \frac on input line 213.
\uproot@=\count93
\leftroot@=\count94
LaTeX Info: Redefining \overline on input line 375.
\classnum@=\count95
\DOTSCASE@=\count96
LaTeX Info: Redefining \ldots on input line 472.
LaTeX Info: Redefining \dots on input line 475.
LaTeX Info: Redefining \cdots on input line 596.
\Mathstrutbox@=\box29
\strutbox@=\box30
\big@size=\dimen115
LaTeX Font Info:    Redeclaring font encoding OML on input line 712.
LaTeX Font Info:    Redeclaring font encoding OMS on input line 713.
\macc@depth=\count97
\c@MaxMatrixCols=\count98
\dotsspace@=\muskip10
\c@parentequation=\count99
\dspbrk@lvl=\count100
\tag@help=\toks26
\row@=\count101
\column@=\count102
\maxfields@=\count103
\andhelp@=\toks27
\eqnshift@=\dimen116
\alignsep@=\dimen117
\tagshift@=\dimen118
\tagwidth@=\dimen119
\totwidth@=\dimen120
\lineht@=\dimen121
\@envbody=\toks28
\multlinegap=\skip52
\multlinetaggap=\skip53
\mathdisplay@stack=\toks29
LaTeX Info: Redefining \[ on input line 2817.
LaTeX Info: Redefining \] on input line 2818.
)
(/usr/share/texlive/texmf-dist/tex/latex/caption/caption.sty
Package: caption 2016/02/21 v3.3-144 Customizing captions (AR)

(/usr/share/texlive/texmf-dist/tex/latex/caption/caption3.sty
Package: caption3 2016/05/22 v1.7-166 caption3 kernel (AR)
Package caption3 Info: TeX engine: e-TeX on input line 67.
\captionmargin=\dimen122
\captionmargin@=\dimen123
\captionwidth=\dimen124
\caption@tempdima=\dimen125
\caption@indent=\dimen126
\caption@parindent=\dimen127
\caption@hangindent=\dimen128
)
\c@ContinuedFloat=\count104
Package caption Info: float package is loaded.
)
(/usr/share/texlive/texmf-dist/tex/latex/geometry/geometry.sty
Package: geometry 2010/09/12 v5.6 Page Geometry

(/usr/share/texlive/texmf-dist/tex/generic/oberdiek/ifpdf.sty
Package: ifpdf 2017/03/15 v3.2 Provides the ifpdf switch
)
(/usr/share/texlive/texmf-dist/tex/generic/oberdiek/ifvtex.sty
Package: ifvtex 2016/05/16 v1.6 Detect VTeX and its facilities (HO)
Package ifvtex Info: VTeX not detected.
)
(/usr/share/texlive/texmf-dist/tex/generic/ifxetex/ifxetex.sty
Package: ifxetex 2010/09/12 v0.6 Provides ifxetex conditional
)
\Gm@cnth=\count105
\Gm@cntv=\count106
\c@Gm@tempcnt=\count107
\Gm@bindingoffset=\dimen129
\Gm@wd@mp=\dimen130
\Gm@odd@mp=\dimen131
\Gm@even@mp=\dimen132
\Gm@layoutwidth=\dimen133
\Gm@layoutheight=\dimen134
\Gm@layouthoffset=\dimen135
\Gm@layoutvoffset=\dimen136
\Gm@dimlist=\toks30
)
(/usr/share/texlive/texmf-dist/tex/generic/ulem/ulem.sty
\UL@box=\box31
\UL@hyphenbox=\box32
\UL@skip=\skip54
\UL@hook=\toks31
\UL@height=\dimen137
\UL@pe=\count108
\UL@pixel=\dimen138
\ULC@box=\box33
Package: ulem 2012/05/18
\ULdepth=\dimen139
)
(/usr/share/texlive/texmf-dist/tex/latex/hyphenat/hyphenat.sty
Package: hyphenat 2009/09/02 v2.3c hyphenation utilities
\langwohyphens=\language84
LaTeX Info: Redefining \_ on input line 43.
)
(/usr/share/texlive/texmf-dist/tex/latex/hyperref/hyperref.sty
Package: hyperref 2018/02/06 v6.86b Hypertext links for LaTeX

(/usr/share/texlive/texmf-dist/tex/generic/oberdiek/hobsub-hyperref.sty
Package: hobsub-hyperref 2016/05/16 v1.14 Bundle oberdiek, subset hyperref (HO)


(/usr/share/texlive/texmf-dist/tex/generic/oberdiek/hobsub-generic.sty
Package: hobsub-generic 2016/05/16 v1.14 Bundle oberdiek, subset generic (HO)
Package: hobsub 2016/05/16 v1.14 Construct package bundles (HO)
Package: infwarerr 2016/05/16 v1.4 Providing info/warning/error messages (HO)
Package: ltxcmds 2016/05/16 v1.23 LaTeX kernel commands for general use (HO)
Package: ifluatex 2016/05/16 v1.4 Provides the ifluatex switch (HO)
Package ifluatex Info: LuaTeX not detected.
Package hobsub Info: Skipping package `ifvtex' (already loaded).
Package: intcalc 2016/05/16 v1.2 Expandable calculations with integers (HO)
Package hobsub Info: Skipping package `ifpdf' (already loaded).
Package: etexcmds 2016/05/16 v1.6 Avoid name clashes with e-TeX commands (HO)
Package etexcmds Info: Could not find \expanded.
(etexcmds)             That can mean that you are not using pdfTeX 1.50 or
(etexcmds)             that some package has redefined \expanded.
(etexcmds)             In the latter case, load this package earlier.
Package: kvsetkeys 2016/05/16 v1.17 Key value parser (HO)
Package: kvdefinekeys 2016/05/16 v1.4 Define keys (HO)
Package: pdftexcmds 2018/01/21 v0.26 Utility functions of pdfTeX for LuaTeX (HO
)
Package pdftexcmds Info: LuaTeX not detected.
Package pdftexcmds Info: \pdf@primitive is available.
Package pdftexcmds Info: \pdf@ifprimitive is available.
Package pdftexcmds Info: \pdfdraftmode found.
Package: pdfescape 2016/05/16 v1.14 Implements pdfTeX's escape features (HO)
Package: bigintcalc 2016/05/16 v1.4 Expandable calculations on big integers (HO
)
Package: bitset 2016/05/16 v1.2 Handle bit-vector datatype (HO)
Package: uniquecounter 2016/05/16 v1.3 Provide unlimited unique counter (HO)
)
Package hobsub Info: Skipping package `hobsub' (already loaded).
Package: letltxmacro 2016/05/16 v1.5 Let assignment for LaTeX macros (HO)
Package: hopatch 2016/05/16 v1.3 Wrapper for package hooks (HO)
Package: xcolor-patch 2016/05/16 xcolor patch
Package: atveryend 2016/05/16 v1.9 Hooks at the very end of document (HO)
Package atveryend Info: \enddocument detected (standard20110627).
Package: atbegshi 2016/06/09 v1.18 At begin shipout hook (HO)
Package: refcount 2016/05/16 v3.5 Data extraction from label references (HO)
Package: hycolor 2016/05/16 v1.8 Color options for hyperref/bookmark (HO)
)
(/usr/share/texlive/texmf-dist/tex/latex/oberdiek/auxhook.sty
Package: auxhook 2016/05/16 v1.4 Hooks for auxiliary files (HO)
)
(/usr/share/texlive/texmf-dist/tex/latex/oberdiek/kvoptions.sty
Package: kvoptions 2016/05/16 v3.12 Key value format for package options (HO)
)
\@linkdim=\dimen140
\Hy@linkcounter=\count109
\Hy@pagecounter=\count110

(/usr/share/texlive/texmf-dist/tex/latex/hyperref/pd1enc.def
File: pd1enc.def 2018/02/06 v6.86b Hyperref: PDFDocEncoding definition (HO)
)
\Hy@SavedSpaceFactor=\count111

(/usr/share/texlive/texmf-dist/tex/latex/latexconfig/hyperref.cfg
File: hyperref.cfg 2002/06/06 v1.2 hyperref configuration of TeXLive
)
Package hyperref Info: Hyper figures OFF on input line 4509.
Package hyperref Info: Link nesting OFF on input line 4514.
Package hyperref Info: Hyper index ON on input line 4517.
Package hyperref Info: Plain pages OFF on input line 4524.
Package hyperref Info: Backreferencing OFF on input line 4529.
Package hyperref Info: Implicit mode ON; LaTeX internals redefined.
Package hyperref Info: Bookmarks ON on input line 4762.
\c@Hy@tempcnt=\count112

(/usr/share/texlive/texmf-dist/tex/latex/url/url.sty
\Urlmuskip=\muskip11
Package: url 2013/09/16  ver 3.4  Verb mode for urls, etc.
)
LaTeX Info: Redefining \url on input line 5115.
\XeTeXLinkMargin=\dimen141
\Fld@menulength=\count113
\Field@Width=\dimen142
\Fld@charsize=\dimen143
Package hyperref Info: Hyper figures OFF on input line 6369.
Package hyperref Info: Link nesting OFF on input line 6374.
Package hyperref Info: Hyper index ON on input line 6377.
Package hyperref Info: backreferencing OFF on input line 6384.
Package hyperref Info: Link coloring OFF on input line 6389.
Package hyperref Info: Link coloring with OCG OFF on input line 6394.
Package hyperref Info: PDF/A mode OFF on input line 6399.
LaTeX Info: Redefining \ref on input line 6439.
LaTeX Info: Redefining \pageref on input line 6443.
\Hy@abspage=\count114
\c@Item=\count115
\c@Hfootnote=\count116
)
Package hyperref Info: Driver (autodetected): hpdftex.

(/usr/share/texlive/texmf-dist/tex/latex/hyperref/hpdftex.def
File: hpdftex.def 2018/02/06 v6.86b Hyperref driver for pdfTeX
\Fld@listcount=\count117
\c@bookmark@seq@number=\count118

(/usr/share/texlive/texmf-dist/tex/latex/oberdiek/rerunfilecheck.sty
Package: rerunfilecheck 2016/05/16 v1.8 Rerun checks for auxiliary files (HO)
Package uniquecounter Info: New unique counter `rerunfilecheck' on input line 2
82.
)
\Hy@SectionHShift=\skip55
)
(/usr/share/texlive/texmf-dist/tex/latex/tocloft/tocloft.sty
Package: tocloft 2017/08/31 v2.3i parameterised ToC, etc., typesetting
Package tocloft Info: The document has chapter divisions on input line 51.
\cftparskip=\skip56
\cftbeforetoctitleskip=\skip57
\cftaftertoctitleskip=\skip58
\cftbeforepartskip=\skip59
\cftpartnumwidth=\skip60
\cftpartindent=\skip61
\cftbeforechapskip=\skip62
\cftchapindent=\skip63
\cftchapnumwidth=\skip64
\cftbeforesecskip=\skip65
\cftsecindent=\skip66
\cftsecnumwidth=\skip67
\cftbeforesubsecskip=\skip68
\cftsubsecindent=\skip69
\cftsubsecnumwidth=\skip70
\cftbeforesubsubsecskip=\skip71
\cftsubsubsecindent=\skip72
\cftsubsubsecnumwidth=\skip73
\cftbeforeparaskip=\skip74
\cftparaindent=\skip75
\cftparanumwidth=\skip76
\cftbeforesubparaskip=\skip77
\cftsubparaindent=\skip78
\cftsubparanumwidth=\skip79
\cftbeforeloftitleskip=\skip80
\cftafterloftitleskip=\skip81
\cftbeforefigskip=\skip82
\cftfigindent=\skip83
\cftfignumwidth=\skip84
\c@lofdepth=\count119
\c@lotdepth=\count120
\cftbeforelottitleskip=\skip85
\cftafterlottitleskip=\skip86
\cftbeforetabskip=\skip87
\cfttabindent=\skip88
\cfttabnumwidth=\skip89
)
(/usr/share/texlive/texmf-dist/tex/latex/psnfss/mathptmx.sty
Package: mathptmx 2005/04/12 PSNFSS-v9.2a Times w/ Math, improved (SPQR, WaS) 
LaTeX Font Info:    Redeclaring symbol font `operators' on input line 28.
LaTeX Font Info:    Overwriting symbol font `operators' in version `normal'
(Font)                  OT1/cmr/m/n --> OT1/ztmcm/m/n on input line 28.
LaTeX Font Info:    Overwriting symbol font `operators' in version `bold'
(Font)                  OT1/cmr/bx/n --> OT1/ztmcm/m/n on input line 28.
LaTeX Font Info:    Redeclaring symbol font `letters' on input line 29.
LaTeX Font Info:    Overwriting symbol font `letters' in version `normal'
(Font)                  OML/cmm/m/it --> OML/ztmcm/m/it on input line 29.
LaTeX Font Info:    Overwriting symbol font `letters' in version `bold'
(Font)                  OML/cmm/b/it --> OML/ztmcm/m/it on input line 29.
LaTeX Font Info:    Redeclaring symbol font `symbols' on input line 30.
LaTeX Font Info:    Overwriting symbol font `symbols' in version `normal'
(Font)                  OMS/cmsy/m/n --> OMS/ztmcm/m/n on input line 30.
LaTeX Font Info:    Overwriting symbol font `symbols' in version `bold'
(Font)                  OMS/cmsy/b/n --> OMS/ztmcm/m/n on input line 30.
LaTeX Font Info:    Redeclaring symbol font `largesymbols' on input line 31.
LaTeX Font Info:    Overwriting symbol font `largesymbols' in version `normal'
(Font)                  OMX/cmex/m/n --> OMX/ztmcm/m/n on input line 31.
LaTeX Font Info:    Overwriting symbol font `largesymbols' in version `bold'
(Font)                  OMX/cmex/m/n --> OMX/ztmcm/m/n on input line 31.
\symbold=\mathgroup4
\symitalic=\mathgroup5
LaTeX Font Info:    Redeclaring math alphabet \mathbf on input line 34.
LaTeX Font Info:    Overwriting math alphabet `\mathbf' in version `normal'
(Font)                  OT1/cmr/bx/n --> OT1/ptm/bx/n on input line 34.
LaTeX Font Info:    Overwriting math alphabet `\mathbf' in version `bold'
(Font)                  OT1/cmr/bx/n --> OT1/ptm/bx/n on input line 34.
LaTeX Font Info:    Redeclaring math alphabet \mathit on input line 35.
LaTeX Font Info:    Overwriting math alphabet `\mathit' in version `normal'
(Font)                  OT1/cmr/m/it --> OT1/ptm/m/it on input line 35.
LaTeX Font Info:    Overwriting math alphabet `\mathit' in version `bold'
(Font)                  OT1/cmr/bx/it --> OT1/ptm/m/it on input line 35.
LaTeX Info: Redefining \hbar on input line 50.
)
(/usr/share/texlive/texmf-dist/tex/latex/fancyhdr/fancyhdr.sty
Package: fancyhdr 2017/06/30 v3.9a Extensive control of page headers and footer
s
\f@nch@headwidth=\skip90
\f@nch@O@elh=\skip91
\f@nch@O@erh=\skip92
\f@nch@O@olh=\skip93
\f@nch@O@orh=\skip94
\f@nch@O@elf=\skip95
\f@nch@O@erf=\skip96
\f@nch@O@olf=\skip97
\f@nch@O@orf=\skip98
)
(/usr/share/texlive/texmf-dist/tex/latex/blindtext/blindtext.sty
Package: blindtext 2012/01/06 V2.0 blindtext-Package

(/usr/share/texlive/texmf-dist/tex/latex/tools/xspace.sty
Package: xspace 2014/10/28 v1.13 Space after command names (DPC,MH)
)
\c@blindtext=\count121
\c@Blindtext=\count122
\c@blind@countparstart=\count123
\blind@countxx=\count124
\blindtext@numBlindtext=\count125
\blind@countyy=\count126
\c@blindlist=\count127
\c@blindlistlevel=\count128
\c@blindlist@level=\count129
\blind@listitem=\count130
\c@blind@listcount=\count131
\c@blind@levelcount=\count132
\blind@mathformula=\count133
\blind@Mathformula=\count134
\c@blind@randomcount=\count135
\c@blind@randommax=\count136
\c@blind@pangramcount=\count137
\c@blind@pangrammax=\count138
)
(/usr/share/texlive/texmf-dist/tex/latex/pgf/frontendlayer/tikz.sty
(/usr/share/texlive/texmf-dist/tex/latex/pgf/basiclayer/pgf.sty
(/usr/share/texlive/texmf-dist/tex/latex/pgf/utilities/pgfrcs.sty
(/usr/share/texlive/texmf-dist/tex/generic/pgf/utilities/pgfutil-common.tex
\pgfutil@everybye=\toks32
\pgfutil@tempdima=\dimen144
\pgfutil@tempdimb=\dimen145

(/usr/share/texlive/texmf-dist/tex/generic/pgf/utilities/pgfutil-common-lists.t
ex)) (/usr/share/texlive/texmf-dist/tex/generic/pgf/utilities/pgfutil-latex.def
\pgfutil@abb=\box34
(/usr/share/texlive/texmf-dist/tex/latex/ms/everyshi.sty
Package: everyshi 2001/05/15 v3.00 EveryShipout Package (MS)
))
(/usr/share/texlive/texmf-dist/tex/generic/pgf/utilities/pgfrcs.code.tex
Package: pgfrcs 2015/08/07 v3.0.1a (rcs-revision 1.31)
))
Package: pgf 2015/08/07 v3.0.1a (rcs-revision 1.15)

(/usr/share/texlive/texmf-dist/tex/latex/pgf/basiclayer/pgfcore.sty
(/usr/share/texlive/texmf-dist/tex/latex/pgf/systemlayer/pgfsys.sty
(/usr/share/texlive/texmf-dist/tex/generic/pgf/systemlayer/pgfsys.code.tex
Package: pgfsys 2014/07/09 v3.0.1a (rcs-revision 1.48)

(/usr/share/texlive/texmf-dist/tex/generic/pgf/utilities/pgfkeys.code.tex
\pgfkeys@pathtoks=\toks33
\pgfkeys@temptoks=\toks34

(/usr/share/texlive/texmf-dist/tex/generic/pgf/utilities/pgfkeysfiltered.code.t
ex
\pgfkeys@tmptoks=\toks35
))
\pgf@x=\dimen146
\pgf@y=\dimen147
\pgf@xa=\dimen148
\pgf@ya=\dimen149
\pgf@xb=\dimen150
\pgf@yb=\dimen151
\pgf@xc=\dimen152
\pgf@yc=\dimen153
\w@pgf@writea=\write3
\r@pgf@reada=\read1
\c@pgf@counta=\count139
\c@pgf@countb=\count140
\c@pgf@countc=\count141
\c@pgf@countd=\count142
\t@pgf@toka=\toks36
\t@pgf@tokb=\toks37
\t@pgf@tokc=\toks38
 (/usr/share/texlive/texmf-dist/tex/generic/pgf/systemlayer/pgf.cfg
File: pgf.cfg 2008/05/14  (rcs-revision 1.7)
)
Driver file for pgf: pgfsys-pdftex.def

(/usr/share/texlive/texmf-dist/tex/generic/pgf/systemlayer/pgfsys-pdftex.def
File: pgfsys-pdftex.def 2014/10/11  (rcs-revision 1.35)

(/usr/share/texlive/texmf-dist/tex/generic/pgf/systemlayer/pgfsys-common-pdf.de
f
File: pgfsys-common-pdf.def 2013/10/10  (rcs-revision 1.13)
)))
(/usr/share/texlive/texmf-dist/tex/generic/pgf/systemlayer/pgfsyssoftpath.code.
tex
File: pgfsyssoftpath.code.tex 2013/09/09  (rcs-revision 1.9)
\pgfsyssoftpath@smallbuffer@items=\count143
\pgfsyssoftpath@bigbuffer@items=\count144
)
(/usr/share/texlive/texmf-dist/tex/generic/pgf/systemlayer/pgfsysprotocol.code.
tex
File: pgfsysprotocol.code.tex 2006/10/16  (rcs-revision 1.4)
))
(/usr/share/texlive/texmf-dist/tex/generic/pgf/basiclayer/pgfcore.code.tex
Package: pgfcore 2010/04/11 v3.0.1a (rcs-revision 1.7)

(/usr/share/texlive/texmf-dist/tex/generic/pgf/math/pgfmath.code.tex
(/usr/share/texlive/texmf-dist/tex/generic/pgf/math/pgfmathcalc.code.tex
(/usr/share/texlive/texmf-dist/tex/generic/pgf/math/pgfmathutil.code.tex)
(/usr/share/texlive/texmf-dist/tex/generic/pgf/math/pgfmathparser.code.tex
\pgfmath@dimen=\dimen154
\pgfmath@count=\count145
\pgfmath@box=\box35
\pgfmath@toks=\toks39
\pgfmath@stack@operand=\toks40
\pgfmath@stack@operation=\toks41
)
(/usr/share/texlive/texmf-dist/tex/generic/pgf/math/pgfmathfunctions.code.tex
(/usr/share/texlive/texmf-dist/tex/generic/pgf/math/pgfmathfunctions.basic.code
.tex)
(/usr/share/texlive/texmf-dist/tex/generic/pgf/math/pgfmathfunctions.trigonomet
ric.code.tex)
(/usr/share/texlive/texmf-dist/tex/generic/pgf/math/pgfmathfunctions.random.cod
e.tex)
(/usr/share/texlive/texmf-dist/tex/generic/pgf/math/pgfmathfunctions.comparison
.code.tex)
(/usr/share/texlive/texmf-dist/tex/generic/pgf/math/pgfmathfunctions.base.code.
tex)
(/usr/share/texlive/texmf-dist/tex/generic/pgf/math/pgfmathfunctions.round.code
.tex)
(/usr/share/texlive/texmf-dist/tex/generic/pgf/math/pgfmathfunctions.misc.code.
tex)
(/usr/share/texlive/texmf-dist/tex/generic/pgf/math/pgfmathfunctions.integerari
thmetics.code.tex)))
(/usr/share/texlive/texmf-dist/tex/generic/pgf/math/pgfmathfloat.code.tex
\c@pgfmathroundto@lastzeros=\count146
))
(/usr/share/texlive/texmf-dist/tex/generic/pgf/basiclayer/pgfcorepoints.code.te
x
File: pgfcorepoints.code.tex 2013/10/07  (rcs-revision 1.27)
\pgf@picminx=\dimen155
\pgf@picmaxx=\dimen156
\pgf@picminy=\dimen157
\pgf@picmaxy=\dimen158
\pgf@pathminx=\dimen159
\pgf@pathmaxx=\dimen160
\pgf@pathminy=\dimen161
\pgf@pathmaxy=\dimen162
\pgf@xx=\dimen163
\pgf@xy=\dimen164
\pgf@yx=\dimen165
\pgf@yy=\dimen166
\pgf@zx=\dimen167
\pgf@zy=\dimen168
)
(/usr/share/texlive/texmf-dist/tex/generic/pgf/basiclayer/pgfcorepathconstruct.
code.tex
File: pgfcorepathconstruct.code.tex 2013/10/07  (rcs-revision 1.29)
\pgf@path@lastx=\dimen169
\pgf@path@lasty=\dimen170
)
(/usr/share/texlive/texmf-dist/tex/generic/pgf/basiclayer/pgfcorepathusage.code
.tex
File: pgfcorepathusage.code.tex 2014/11/02  (rcs-revision 1.24)
\pgf@shorten@end@additional=\dimen171
\pgf@shorten@start@additional=\dimen172
)
(/usr/share/texlive/texmf-dist/tex/generic/pgf/basiclayer/pgfcorescopes.code.te
x
File: pgfcorescopes.code.tex 2015/05/08  (rcs-revision 1.46)
\pgfpic=\box36
\pgf@hbox=\box37
\pgf@layerbox@main=\box38
\pgf@picture@serial@count=\count147
)
(/usr/share/texlive/texmf-dist/tex/generic/pgf/basiclayer/pgfcoregraphicstate.c
ode.tex
File: pgfcoregraphicstate.code.tex 2014/11/02  (rcs-revision 1.12)
\pgflinewidth=\dimen173
)
(/usr/share/texlive/texmf-dist/tex/generic/pgf/basiclayer/pgfcoretransformation
s.code.tex
File: pgfcoretransformations.code.tex 2015/08/07  (rcs-revision 1.20)
\pgf@pt@x=\dimen174
\pgf@pt@y=\dimen175
\pgf@pt@temp=\dimen176
)
(/usr/share/texlive/texmf-dist/tex/generic/pgf/basiclayer/pgfcorequick.code.tex
File: pgfcorequick.code.tex 2008/10/09  (rcs-revision 1.3)
)
(/usr/share/texlive/texmf-dist/tex/generic/pgf/basiclayer/pgfcoreobjects.code.t
ex
File: pgfcoreobjects.code.tex 2006/10/11  (rcs-revision 1.2)
)
(/usr/share/texlive/texmf-dist/tex/generic/pgf/basiclayer/pgfcorepathprocessing
.code.tex
File: pgfcorepathprocessing.code.tex 2013/09/09  (rcs-revision 1.9)
)
(/usr/share/texlive/texmf-dist/tex/generic/pgf/basiclayer/pgfcorearrows.code.te
x
File: pgfcorearrows.code.tex 2015/05/14  (rcs-revision 1.43)
\pgfarrowsep=\dimen177
)
(/usr/share/texlive/texmf-dist/tex/generic/pgf/basiclayer/pgfcoreshade.code.tex
File: pgfcoreshade.code.tex 2013/07/15  (rcs-revision 1.15)
\pgf@max=\dimen178
\pgf@sys@shading@range@num=\count148
)
(/usr/share/texlive/texmf-dist/tex/generic/pgf/basiclayer/pgfcoreimage.code.tex
File: pgfcoreimage.code.tex 2013/07/15  (rcs-revision 1.18)

(/usr/share/texlive/texmf-dist/tex/generic/pgf/basiclayer/pgfcoreexternal.code.
tex
File: pgfcoreexternal.code.tex 2014/07/09  (rcs-revision 1.21)
\pgfexternal@startupbox=\box39
))
(/usr/share/texlive/texmf-dist/tex/generic/pgf/basiclayer/pgfcorelayers.code.te
x
File: pgfcorelayers.code.tex 2013/07/18  (rcs-revision 1.7)
)
(/usr/share/texlive/texmf-dist/tex/generic/pgf/basiclayer/pgfcoretransparency.c
ode.tex
File: pgfcoretransparency.code.tex 2013/09/30  (rcs-revision 1.5)
)
(/usr/share/texlive/texmf-dist/tex/generic/pgf/basiclayer/pgfcorepatterns.code.
tex
File: pgfcorepatterns.code.tex 2013/11/07  (rcs-revision 1.5)
)))
(/usr/share/texlive/texmf-dist/tex/generic/pgf/modules/pgfmoduleshapes.code.tex
File: pgfmoduleshapes.code.tex 2014/03/21  (rcs-revision 1.35)
\pgfnodeparttextbox=\box40
) (/usr/share/texlive/texmf-dist/tex/generic/pgf/modules/pgfmoduleplot.code.tex
File: pgfmoduleplot.code.tex 2015/08/03  (rcs-revision 1.13)
)
(/usr/share/texlive/texmf-dist/tex/latex/pgf/compatibility/pgfcomp-version-0-65
.sty
Package: pgfcomp-version-0-65 2007/07/03 v3.0.1a (rcs-revision 1.7)
\pgf@nodesepstart=\dimen179
\pgf@nodesepend=\dimen180
)
(/usr/share/texlive/texmf-dist/tex/latex/pgf/compatibility/pgfcomp-version-1-18
.sty
Package: pgfcomp-version-1-18 2007/07/23 v3.0.1a (rcs-revision 1.1)
)) (/usr/share/texlive/texmf-dist/tex/latex/pgf/utilities/pgffor.sty
(/usr/share/texlive/texmf-dist/tex/latex/pgf/utilities/pgfkeys.sty
(/usr/share/texlive/texmf-dist/tex/generic/pgf/utilities/pgfkeys.code.tex))
(/usr/share/texlive/texmf-dist/tex/latex/pgf/math/pgfmath.sty
(/usr/share/texlive/texmf-dist/tex/generic/pgf/math/pgfmath.code.tex))
(/usr/share/texlive/texmf-dist/tex/generic/pgf/utilities/pgffor.code.tex
Package: pgffor 2013/12/13 v3.0.1a (rcs-revision 1.25)

(/usr/share/texlive/texmf-dist/tex/generic/pgf/math/pgfmath.code.tex)
\pgffor@iter=\dimen181
\pgffor@skip=\dimen182
\pgffor@stack=\toks42
\pgffor@toks=\toks43
))
(/usr/share/texlive/texmf-dist/tex/generic/pgf/frontendlayer/tikz/tikz.code.tex
Package: tikz 2015/08/07 v3.0.1a (rcs-revision 1.151)

(/usr/share/texlive/texmf-dist/tex/generic/pgf/libraries/pgflibraryplothandlers
.code.tex
File: pgflibraryplothandlers.code.tex 2013/08/31 v3.0.1a (rcs-revision 1.20)
\pgf@plot@mark@count=\count149
\pgfplotmarksize=\dimen183
)
\tikz@lastx=\dimen184
\tikz@lasty=\dimen185
\tikz@lastxsaved=\dimen186
\tikz@lastysaved=\dimen187
\tikzleveldistance=\dimen188
\tikzsiblingdistance=\dimen189
\tikz@figbox=\box41
\tikz@figbox@bg=\box42
\tikz@tempbox=\box43
\tikz@tempbox@bg=\box44
\tikztreelevel=\count150
\tikznumberofchildren=\count151
\tikznumberofcurrentchild=\count152
\tikz@fig@count=\count153

(/usr/share/texlive/texmf-dist/tex/generic/pgf/modules/pgfmodulematrix.code.tex
File: pgfmodulematrix.code.tex 2013/09/17  (rcs-revision 1.8)
\pgfmatrixcurrentrow=\count154
\pgfmatrixcurrentcolumn=\count155
\pgf@matrix@numberofcolumns=\count156
)
\tikz@expandcount=\count157

(/usr/share/texlive/texmf-dist/tex/generic/pgf/frontendlayer/tikz/libraries/tik
zlibrarytopaths.code.tex
File: tikzlibrarytopaths.code.tex 2008/06/17 v3.0.1a (rcs-revision 1.2)
)))
(/usr/share/texlive/texmf-dist/tex/latex/lastpage/lastpage.sty
Package: lastpage 2015/03/29 v1.2m Refers to last page's name (HMM; JPG)
)
(/usr/share/texlive/texmf-dist/tex/latex/fncychap/fncychap.sty
Package: fncychap 2007/07/30 v1.34 LaTeX package (Revised chapters)
\RW=\skip99
\mylen=\skip100
\myhi=\skip101
\px=\skip102
\py=\skip103
\pyy=\skip104
\pxx=\skip105
)
(/usr/share/texlive/texmf-dist/tex/latex/mdframed/mdframed.sty
Package: mdframed 2013/07/01 1.9b: mdframed

(/usr/share/texlive/texmf-dist/tex/latex/l3packages/xparse/xparse.sty
(/usr/share/texlive/texmf-dist/tex/latex/l3kernel/expl3.sty
Package: expl3 2018/02/21 L3 programming layer (loader) 

(/usr/share/texlive/texmf-dist/tex/latex/l3kernel/expl3-code.tex
Package: expl3 2018/02/21 L3 programming layer (code)
\c_max_int=\count158
\l_tmpa_int=\count159
\l_tmpb_int=\count160
\g_tmpa_int=\count161
\g_tmpb_int=\count162
\g__intarray_font_int=\count163
\g__prg_map_int=\count164
\c_log_iow=\count165
\l_iow_line_count_int=\count166
\l__iow_line_target_int=\count167
\l__iow_one_indent_int=\count168
\l__iow_indent_int=\count169
\c_zero_dim=\dimen190
\c_max_dim=\dimen191
\l_tmpa_dim=\dimen192
\l_tmpb_dim=\dimen193
\g_tmpa_dim=\dimen194
\g_tmpb_dim=\dimen195
\c_zero_skip=\skip106
\c_max_skip=\skip107
\l_tmpa_skip=\skip108
\l_tmpb_skip=\skip109
\g_tmpa_skip=\skip110
\g_tmpb_skip=\skip111
\c_zero_muskip=\muskip12
\c_max_muskip=\muskip13
\l_tmpa_muskip=\muskip14
\l_tmpb_muskip=\muskip15
\g_tmpa_muskip=\muskip16
\g_tmpb_muskip=\muskip17
\l_keys_choice_int=\count170
\c__fp_leading_shift_int=\count171
\c__fp_middle_shift_int=\count172
\c__fp_trailing_shift_int=\count173
\c__fp_big_leading_shift_int=\count174
\c__fp_big_middle_shift_int=\count175
\c__fp_big_trailing_shift_int=\count176
\c__fp_Bigg_leading_shift_int=\count177
\c__fp_Bigg_middle_shift_int=\count178
\c__fp_Bigg_trailing_shift_int=\count179
\c__fp_rand_size_int=\count180
\c__fp_rand_four_int=\count181
\c__fp_rand_eight_int=\count182
\l__sort_length_int=\count183
\l__sort_min_int=\count184
\l__sort_top_int=\count185
\l__sort_max_int=\count186
\l__sort_true_max_int=\count187
\l__sort_block_int=\count188
\l__sort_begin_int=\count189
\l__sort_end_int=\count190
\l__sort_A_int=\count191
\l__sort_B_int=\count192
\l__sort_C_int=\count193
\l__tl_build_start_index_int=\count194
\l__tl_build_index_int=\count195
\l__tl_analysis_normal_int=\count196
\l__tl_analysis_index_int=\count197
\l__tl_analysis_nesting_int=\count198
\l__tl_analysis_type_int=\count199
\l__regex_internal_a_int=\count266
\l__regex_internal_b_int=\count267
\l__regex_internal_c_int=\count268
\l__regex_balance_int=\count269
\l__regex_group_level_int=\count270
\l__regex_mode_int=\count271
\c__regex_cs_in_class_mode_int=\count272
\c__regex_cs_mode_int=\count273
\l__regex_catcodes_int=\count274
\l__regex_default_catcodes_int=\count275
\c__regex_catcode_D_int=\count276
\c__regex_catcode_S_int=\count277
\c__regex_catcode_L_int=\count278
\c__regex_catcode_O_int=\count279
\c__regex_catcode_A_int=\count280
\c__regex_all_catcodes_int=\count281
\l__regex_show_lines_int=\count282
\l__regex_min_state_int=\count283
\l__regex_max_state_int=\count284
\l__regex_left_state_int=\count285
\l__regex_right_state_int=\count286
\l__regex_capturing_group_int=\count287
\l__regex_min_pos_int=\count288
\l__regex_max_pos_int=\count289
\l__regex_curr_pos_int=\count290
\l__regex_start_pos_int=\count291
\l__regex_success_pos_int=\count292
\l__regex_curr_char_int=\count293
\l__regex_curr_catcode_int=\count294
\l__regex_last_char_int=\count295
\l__regex_case_changed_char_int=\count296
\l__regex_curr_state_int=\count297
\l__regex_step_int=\count298
\l__regex_min_active_int=\count299
\l__regex_max_active_int=\count300
\l__regex_replacement_csnames_int=\count301
\l__regex_match_count_int=\count302
\l__regex_min_submatch_int=\count303
\l__regex_submatch_int=\count304
\l__regex_zeroth_submatch_int=\count305
\g__regex_trace_regex_int=\count306
\c_empty_box=\box45
\l_tmpa_box=\box46
\l_tmpb_box=\box47
\g_tmpa_box=\box48
\g_tmpb_box=\box49
\l__box_top_dim=\dimen196
\l__box_bottom_dim=\dimen197
\l__box_left_dim=\dimen198
\l__box_right_dim=\dimen199
\l__box_top_new_dim=\dimen256
\l__box_bottom_new_dim=\dimen257
\l__box_left_new_dim=\dimen258
\l__box_right_new_dim=\dimen259
\l__box_internal_box=\box50
\l__coffin_internal_box=\box51
\l__coffin_internal_dim=\dimen260
\l__coffin_offset_x_dim=\dimen261
\l__coffin_offset_y_dim=\dimen262
\l__coffin_x_dim=\dimen263
\l__coffin_y_dim=\dimen264
\l__coffin_x_prime_dim=\dimen265
\l__coffin_y_prime_dim=\dimen266
\c_empty_coffin=\box52
\l__coffin_aligned_coffin=\box53
\l__coffin_aligned_internal_coffin=\box54
\l_tmpa_coffin=\box55
\l_tmpb_coffin=\box56
\l__coffin_display_coffin=\box57
\l__coffin_display_coord_coffin=\box58
\l__coffin_display_pole_coffin=\box59
\l__coffin_display_offset_dim=\dimen267
\l__coffin_display_x_dim=\dimen268
\l__coffin_display_y_dim=\dimen269
\l__coffin_bounding_shift_dim=\dimen270
\l__coffin_left_corner_dim=\dimen271
\l__coffin_right_corner_dim=\dimen272
\l__coffin_bottom_corner_dim=\dimen273
\l__coffin_top_corner_dim=\dimen274
\l__coffin_scaled_total_height_dim=\dimen275
\l__coffin_scaled_width_dim=\dimen276
)
(/usr/share/texlive/texmf-dist/tex/latex/l3kernel/l3pdfmode.def
File: l3pdfmode.def 2017/03/18 v L3 Experimental driver: PDF mode
\l__driver_color_stack_int=\count307
\l__driver_tmp_box=\box60
))
Package: xparse 2018/02/21 L3 Experimental document command parser
\l__xparse_current_arg_int=\count308
\g__xparse_grabber_int=\count309
\l__xparse_m_args_int=\count310
\l__xparse_mandatory_args_int=\count311
\l__xparse_v_nesting_int=\count312
)
(/usr/share/texlive/texmf-dist/tex/latex/etoolbox/etoolbox.sty
Package: etoolbox 2018/02/11 v2.5e e-TeX tools for LaTeX (JAW)
\etb@tempcnta=\count313
)
(/usr/share/texlive/texmf-dist/tex/latex/oberdiek/zref-abspage.sty
Package: zref-abspage 2016/05/21 v2.26 Module abspage for zref (HO)

(/usr/share/texlive/texmf-dist/tex/latex/oberdiek/zref-base.sty
Package: zref-base 2016/05/21 v2.26 Module base for zref (HO)
Package zref Info: New property list: main on input line 759.
Package zref Info: New property: default on input line 760.
Package zref Info: New property: page on input line 761.
)
\c@abspage=\count314
Package zref Info: New property: abspage on input line 62.
)
(/usr/share/texlive/texmf-dist/tex/latex/needspace/needspace.sty
Package: needspace 2010/09/12 v1.3d reserve vertical space
)
\mdf@templength=\skip112
\c@mdf@globalstyle@cnt=\count315
\mdf@skipabove@length=\skip113
\mdf@skipbelow@length=\skip114
\mdf@leftmargin@length=\skip115
\mdf@rightmargin@length=\skip116
\mdf@innerleftmargin@length=\skip117
\mdf@innerrightmargin@length=\skip118
\mdf@innertopmargin@length=\skip119
\mdf@innerbottommargin@length=\skip120
\mdf@splittopskip@length=\skip121
\mdf@splitbottomskip@length=\skip122
\mdf@outermargin@length=\skip123
\mdf@innermargin@length=\skip124
\mdf@linewidth@length=\skip125
\mdf@innerlinewidth@length=\skip126
\mdf@middlelinewidth@length=\skip127
\mdf@outerlinewidth@length=\skip128
\mdf@roundcorner@length=\skip129
\mdf@footenotedistance@length=\skip130
\mdf@userdefinedwidth@length=\skip131
\mdf@needspace@length=\skip132
\mdf@frametitleaboveskip@length=\skip133
\mdf@frametitlebelowskip@length=\skip134
\mdf@frametitlerulewidth@length=\skip135
\mdf@frametitleleftmargin@length=\skip136
\mdf@frametitlerightmargin@length=\skip137
\mdf@shadowsize@length=\skip138
\mdf@extratopheight@length=\skip139
\mdf@subtitleabovelinewidth@length=\skip140
\mdf@subtitlebelowlinewidth@length=\skip141
\mdf@subtitleaboveskip@length=\skip142
\mdf@subtitlebelowskip@length=\skip143
\mdf@subtitleinneraboveskip@length=\skip144
\mdf@subtitleinnerbelowskip@length=\skip145
\mdf@subsubtitleabovelinewidth@length=\skip146
\mdf@subsubtitlebelowlinewidth@length=\skip147
\mdf@subsubtitleaboveskip@length=\skip148
\mdf@subsubtitlebelowskip@length=\skip149
\mdf@subsubtitleinneraboveskip@length=\skip150
\mdf@subsubtitleinnerbelowskip@length=\skip151

(/usr/share/texlive/texmf-dist/tex/latex/mdframed/md-frame-1.mdf
File: md-frame-1.mdf 2013/07/01\ 1.9b: md-frame-1
)
\mdf@frametitlebox=\box61
\mdf@footnotebox=\box62
\mdf@splitbox@one=\box63
\mdf@splitbox@two=\box64
\mdf@splitbox@save=\box65
\mdfsplitboxwidth=\skip152
\mdfsplitboxtotalwidth=\skip153
\mdfsplitboxheight=\skip154
\mdfsplitboxdepth=\skip155
\mdfsplitboxtotalheight=\skip156
\mdfframetitleboxwidth=\skip157
\mdfframetitleboxtotalwidth=\skip158
\mdfframetitleboxheight=\skip159
\mdfframetitleboxdepth=\skip160
\mdfframetitleboxtotalheight=\skip161
\mdffootnoteboxwidth=\skip162
\mdffootnoteboxtotalwidth=\skip163
\mdffootnoteboxheight=\skip164
\mdffootnoteboxdepth=\skip165
\mdffootnoteboxtotalheight=\skip166
\mdftotallinewidth=\skip167
\mdfboundingboxwidth=\skip168
\mdfboundingboxtotalwidth=\skip169
\mdfboundingboxheight=\skip170
\mdfboundingboxdepth=\skip171
\mdfboundingboxtotalheight=\skip172
\mdf@freevspace@length=\skip173
\mdf@horizontalwidthofbox@length=\skip174
\mdf@verticalmarginwhole@length=\skip175
\mdf@horizontalspaceofbox=\skip176
\mdfsubtitleheight=\skip177
\mdfsubsubtitleheight=\skip178
\c@mdfcountframes=\count316

****** mdframed patching \endmdf@trivlist

****** -- success******

.................................................
. LaTeX info: "xparse/define-command"
. 
. Defining command \newmdtheoremenv with sig. 'O{} m o m o ' on line 601.
.................................................
.................................................
. LaTeX info: "xparse/define-command"
. 
. Defining command \mdtheorem with sig. ' O{} m o m o ' on line 701.
.................................................
\mdf@envdepth=\count317
\c@mdf@env@i=\count318
\c@mdf@env@ii=\count319
\c@mdf@zref@counter=\count320
Package zref Info: New property: mdf@pagevalue on input line 895.
)
(/usr/share/texlive/texmf-dist/tex/generic/pgf/frontendlayer/tikz/libraries/tik
zlibrarycalc.code.tex
File: tikzlibrarycalc.code.tex 2013/07/15 v3.0.1a (rcs-revision 1.9)
) (/home/nemo/Work/DashRecours/PFE/Memoir/PFE.aux)
\openout1 = `PFE.aux'.

LaTeX Font Info:    Checking defaults for OML/cmm/m/it on input line 197.
LaTeX Font Info:    ... okay on input line 197.
LaTeX Font Info:    Checking defaults for T1/cmr/m/n on input line 197.
LaTeX Font Info:    ... okay on input line 197.
LaTeX Font Info:    Checking defaults for OT1/cmr/m/n on input line 197.
LaTeX Font Info:    ... okay on input line 197.
LaTeX Font Info:    Checking defaults for OMS/cmsy/m/n on input line 197.
LaTeX Font Info:    ... okay on input line 197.
LaTeX Font Info:    Checking defaults for OMX/cmex/m/n on input line 197.
LaTeX Font Info:    ... okay on input line 197.
LaTeX Font Info:    Checking defaults for U/cmr/m/n on input line 197.
LaTeX Font Info:    ... okay on input line 197.
LaTeX Font Info:    Checking defaults for PD1/pdf/m/n on input line 197.
LaTeX Font Info:    ... okay on input line 197.
LaTeX Font Info:    Try loading font information for T1+ptm on input line 197.

(/usr/share/texlive/texmf-dist/tex/latex/psnfss/t1ptm.fd
File: t1ptm.fd 2001/06/04 font definitions for T1/ptm.
)
(/usr/share/texlive/texmf-dist/tex/context/base/mkii/supp-pdf.mkii
[Loading MPS to PDF converter (version 2006.09.02).]
\scratchcounter=\count321
\scratchdimen=\dimen277
\scratchbox=\box66
\nofMPsegments=\count322
\nofMParguments=\count323
\everyMPshowfont=\toks44
\MPscratchCnt=\count324
\MPscratchDim=\dimen278
\MPnumerator=\count325
\makeMPintoPDFobject=\count326
\everyMPtoPDFconversion=\toks45
) (/usr/share/texlive/texmf-dist/tex/latex/oberdiek/epstopdf-base.sty
Package: epstopdf-base 2016/05/15 v2.6 Base part for package epstopdf

(/usr/share/texlive/texmf-dist/tex/latex/oberdiek/grfext.sty
Package: grfext 2016/05/16 v1.2 Manage graphics extensions (HO)
)
Package epstopdf-base Info: Redefining graphics rule for `.eps' on input line 4
38.
Package grfext Info: Graphics extension search list:
(grfext)             [.pdf,.png,.jpg,.mps,.jpeg,.jbig2,.jb2,.PDF,.PNG,.JPG,.JPE
G,.JBIG2,.JB2,.eps]
(grfext)             \AppendGraphicsExtensions on input line 456.

(/usr/share/texlive/texmf-dist/tex/latex/latexconfig/epstopdf-sys.cfg
File: epstopdf-sys.cfg 2010/07/13 v1.3 Configuration of (r)epstopdf for TeX Liv
e
))
(/usr/share/texlive/texmf-dist/tex/latex/ucs/ucsencs.def
File: ucsencs.def 2011/01/21 Fixes to fontencodings LGR, T3
)
Package caption Info: Begin \AtBeginDocument code.
Package caption Info: hyperref package is loaded.
Package caption Info: End \AtBeginDocument code.

*geometry* driver: auto-detecting
*geometry* detected driver: pdftex
*geometry* verbose mode - [ preamble ] result:
* driver: pdftex
* paper: a4paper
* layout: <same size as paper>
* layoutoffset:(h,v)=(0.0pt,0.0pt)
* modes: 
* h-part:(L,W,R)=(28.45274pt, 540.60239pt, 28.45274pt)
* v-part:(T,H,B)=(28.45274pt, 788.14136pt, 28.45274pt)
* \paperwidth=597.50787pt
* \paperheight=845.04684pt
* \textwidth=540.60239pt
* \textheight=788.14136pt
* \oddsidemargin=-43.81725pt
* \evensidemargin=-43.81725pt
* \topmargin=-80.81725pt
* \headheight=12.0pt
* \headsep=25.0pt
* \topskip=12.0pt
* \footskip=18.06749pt
* \marginparwidth=44.0pt
* \marginparsep=10.0pt
* \columnsep=10.0pt
* \skip\footins=10.8pt plus 4.0pt minus 2.0pt
* \hoffset=0.0pt
* \voffset=0.0pt
* \mag=1000
* \@twocolumnfalse
* \@twosidefalse
* \@mparswitchfalse
* \@reversemarginfalse
* (1in=72.27pt=25.4mm, 1cm=28.453pt)

\AtBeginShipoutBox=\box67
Package hyperref Info: Link coloring OFF on input line 197.
(/usr/share/texlive/texmf-dist/tex/latex/hyperref/nameref.sty
Package: nameref 2016/05/21 v2.44 Cross-referencing by name of section

(/usr/share/texlive/texmf-dist/tex/generic/oberdiek/gettitlestring.sty
Package: gettitlestring 2016/05/16 v1.5 Cleanup title references (HO)
)
\c@section@level=\count327
)
LaTeX Info: Redefining \ref on input line 197.
LaTeX Info: Redefining \pageref on input line 197.
LaTeX Info: Redefining \nameref on input line 197.

(/home/nemo/Work/DashRecours/PFE/Memoir/PFE.out)
(/home/nemo/Work/DashRecours/PFE/Memoir/PFE.out)
\@outlinefile=\write4
\openout4 = `PFE.out'.


ABD: EveryShipout initializing macros
Package lastpage Info: Please have a look at the pageslts package at
(lastpage)             https://www.ctan.org/pkg/pageslts
(lastpage)             ! on input line 197.
LaTeX Font Info:    Font shape `T1/ptm/bx/n' in size <14.4> not available
(Font)              Font shape `T1/ptm/b/n' tried instead on input line 210.

(/usr/share/texlive/texmf-dist/tex/latex/ucs/data/uni-0.def
File: uni-0.def 2013/05/13 UCS: Unicode data U+0000..U+00FF
)
LaTeX Font Info:    Try loading font information for OT1+ztmcm on input line 22
2.

(/usr/share/texlive/texmf-dist/tex/latex/psnfss/ot1ztmcm.fd
File: ot1ztmcm.fd 2000/01/03 Fontinst v1.801 font definitions for OT1/ztmcm.
)
LaTeX Font Info:    Try loading font information for OML+ztmcm on input line 22
2.

(/usr/share/texlive/texmf-dist/tex/latex/psnfss/omlztmcm.fd
File: omlztmcm.fd 2000/01/03 Fontinst v1.801 font definitions for OML/ztmcm.
)
LaTeX Font Info:    Try loading font information for OMS+ztmcm on input line 22
2.

(/usr/share/texlive/texmf-dist/tex/latex/psnfss/omsztmcm.fd
File: omsztmcm.fd 2000/01/03 Fontinst v1.801 font definitions for OMS/ztmcm.
)
LaTeX Font Info:    Try loading font information for OMX+ztmcm on input line 22
2.

(/usr/share/texlive/texmf-dist/tex/latex/psnfss/omxztmcm.fd
File: omxztmcm.fd 2000/01/03 Fontinst v1.801 font definitions for OMX/ztmcm.
)
LaTeX Font Info:    Try loading font information for OT1+ptm on input line 222.


(/usr/share/texlive/texmf-dist/tex/latex/psnfss/ot1ptm.fd
File: ot1ptm.fd 2001/06/04 font definitions for OT1/ptm.
)
LaTeX Font Info:    Font shape `OT1/ptm/bx/n' in size <17.28> not available
(Font)              Font shape `OT1/ptm/b/n' tried instead on input line 222.
LaTeX Font Info:    Font shape `OT1/ptm/bx/n' in size <12> not available
(Font)              Font shape `OT1/ptm/b/n' tried instead on input line 222.
LaTeX Font Info:    Font shape `OT1/ptm/bx/n' in size <10> not available
(Font)              Font shape `OT1/ptm/b/n' tried instead on input line 222.
<../Images/UnivUMBB.jpg, id=258, 513.92pt x 379.4175pt>
File: ../Images/UnivUMBB.jpg Graphic file (type jpg)
<use ../Images/UnivUMBB.jpg>
Package pdftex.def Info: ../Images/UnivUMBB.jpg  used on input line 226.
(pdftex.def)             Requested size: 158.99203pt x 101.1762pt.

(/usr/share/texlive/texmf-dist/tex/latex/ucs/data/uni-32.def
File: uni-32.def 2013/05/13 UCS: Unicode data U+2000..U+20FF
)
LaTeX Font Info:    Font shape `T1/ptm/bx/it' in size <14.4> not available
(Font)              Font shape `T1/ptm/b/it' tried instead on input line 253.
LaTeX Font Info:    Font shape `T1/ptm/bx/it' in size <24.88> not available
(Font)              Font shape `T1/ptm/b/it' tried instead on input line 261.
LaTeX Font Info:    Font shape `T1/ptm/bx/n' in size <20.74> not available
(Font)              Font shape `T1/ptm/b/n' tried instead on input line 266.
LaTeX Font Info:    Font shape `T1/ptm/bx/it' in size <17.28> not available
(Font)              Font shape `T1/ptm/b/it' tried instead on input line 276.
 [1

{/var/lib/texmf/fonts/map/pdftex/updmap/pdftex.map} <../Images/UnivUMBB.jpg>]
*geometry* verbose mode - [ newgeometry ] result:
* driver: pdftex
* paper: a4paper
* layout: <same size as paper>
* layoutoffset:(h,v)=(0.0pt,0.0pt)
* modes: 
* h-part:(L,W,R)=(68.28644pt, 480.85185pt, 48.36958pt)
* v-part:(T,H,B)=(28.45274pt, 788.14136pt, 28.45274pt)
* \paperwidth=597.50787pt
* \paperheight=845.04684pt
* \textwidth=480.85185pt
* \textheight=788.14136pt
* \oddsidemargin=-3.98355pt
* \evensidemargin=-3.98355pt
* \topmargin=-43.81725pt
* \headheight=0.0pt
* \headsep=0.0pt
* \topskip=12.0pt
* \footskip=18.06749pt
* \marginparwidth=44.0pt
* \marginparsep=10.0pt
* \columnsep=10.0pt
* \skip\footins=10.8pt plus 4.0pt minus 2.0pt
* \hoffset=0.0pt
* \voffset=0.0pt
* \mag=1000
* \@twocolumnfalse
* \@twosidefalse
* \@mparswitchfalse
* \@reversemarginfalse
* (1in=72.27pt=25.4mm, 1cm=28.453pt)

LaTeX Font Info:    Font shape `T1/ptm/bx/it' in size <34> not available
(Font)              Font shape `T1/ptm/b/it' tried instead on input line 306.

(/usr/share/texlive/texmf-dist/tex/latex/ucs/data/uni-1.def
File: uni-1.def 2013/05/13 UCS: Unicode data U+0100..U+01FF
)pdfTeX warning (ext4): destination with the same identifier (name{page.1}) has
 been already used, duplicate ignored
<to be read again> 
                   \relax 
l.341 \newpage
               [1] [2]
LaTeX Font Info:    Font shape `T1/ptm/bx/sc' in size <34> not available
(Font)              Font shape `T1/ptm/b/sc' tried instead on input line 371.
 [3] [4]
LaTeX Font Info:    Font shape `T1/ptm/bx/n' in size <40> not available
(Font)              Font shape `T1/ptm/b/n' tried instead on input line 425.
LaTeX Font Info:    Font shape `T1/ptm/bx/sc' in size <40> not available
(Font)              Font shape `T1/ptm/b/sc' tried instead on input line 425.
 (/home/nemo/Work/DashRecours/PFE/Memoir/PFE.toc
LaTeX Font Info:    Font shape `T1/ptm/bx/n' in size <12> not available
(Font)              Font shape `T1/ptm/b/n' tried instead on input line 1.
LaTeX Font Info:    Font shape `T1/ptm/bx/it' in size <20.74> not available
(Font)              Font shape `T1/ptm/b/it' tried instead on input line 1.
LaTeX Font Info:    Font shape `T1/ptm/bx/sc' in size <20.74> not available
(Font)              Font shape `T1/ptm/b/sc' tried instead on input line 1.
LaTeX Font Info:    Font shape `T1/ptm/bx/n' in size <17.28> not available
(Font)              Font shape `T1/ptm/b/n' tried instead on input line 10.

Overfull \hbox (10.77255pt too wide) detected at line 17
\T1/ptm/m/n/14.4 4.1 
 []


Overfull \hbox (10.77255pt too wide) detected at line 18
\T1/ptm/m/n/14.4 4.2 
 []


Overfull \hbox (10.77255pt too wide) detected at line 20
\T1/ptm/m/n/14.4 5.1 
 []


Overfull \hbox (10.77255pt too wide) detected at line 21
\T1/ptm/m/n/14.4 5.2 
 []

[5]
Overfull \hbox (10.77255pt too wide) detected at line 23
\T1/ptm/m/n/14.4 6.1 
 []


Overfull \hbox (10.77255pt too wide) detected at line 24
\T1/ptm/m/n/14.4 6.2 
 []


Overfull \hbox (10.77255pt too wide) detected at line 25
\T1/ptm/m/n/14.4 6.3 
 []


Overfull \hbox (10.77255pt too wide) detected at line 30
\T1/ptm/m/n/14.4 1.1 
 []


Overfull \hbox (10.77255pt too wide) detected at line 31
\T1/ptm/m/n/14.4 1.2 
 []


Overfull \hbox (10.77255pt too wide) detected at line 33
\T1/ptm/m/n/14.4 2.1 
 []


Overfull \hbox (10.77255pt too wide) detected at line 34
\T1/ptm/m/n/14.4 2.2 
 []


Overfull \hbox (10.77255pt too wide) detected at line 35
\T1/ptm/m/n/14.4 2.3 
 []


Overfull \hbox (10.77255pt too wide) detected at line 36
\T1/ptm/m/n/14.4 2.4 
 []


Overfull \hbox (10.77255pt too wide) detected at line 37
\T1/ptm/m/n/14.4 2.5 
 []


Overfull \hbox (10.77255pt too wide) detected at line 39
\T1/ptm/m/n/14.4 3.1 
 []


Overfull \hbox (10.77255pt too wide) detected at line 43
\T1/ptm/m/n/14.4 3.2 
 []


Overfull \hbox (10.77255pt too wide) detected at line 45
\T1/ptm/m/n/14.4 3.3 
 []


Overfull \hbox (10.77255pt too wide) detected at line 50
\T1/ptm/m/n/14.4 3.4 
 []


Overfull \hbox (10.77255pt too wide) detected at line 52
\T1/ptm/m/n/14.4 3.5 
 []

[6]
Overfull \hbox (10.77255pt too wide) detected at line 61
\T1/ptm/m/n/14.4 2.1 
 []


Overfull \hbox (10.77255pt too wide) detected at line 62
\T1/ptm/m/n/14.4 2.2 
 []


Overfull \hbox (10.77255pt too wide) detected at line 63
\T1/ptm/m/n/14.4 2.3 
 []


Overfull \hbox (10.77255pt too wide) detected at line 64
\T1/ptm/m/n/14.4 2.4 
 []


Overfull \hbox (10.77255pt too wide) detected at line 65
\T1/ptm/m/n/14.4 2.5 
 []


Overfull \hbox (10.77255pt too wide) detected at line 66
\T1/ptm/m/n/14.4 2.6 
 []


Overfull \hbox (10.77255pt too wide) detected at line 68
\T1/ptm/m/n/14.4 3.1 
 []


Overfull \hbox (10.77255pt too wide) detected at line 69
\T1/ptm/m/n/14.4 3.2 
 []


Overfull \hbox (10.77255pt too wide) detected at line 70
\T1/ptm/m/n/14.4 3.3 
 []


Overfull \hbox (10.77255pt too wide) detected at line 71
\T1/ptm/m/n/14.4 3.4 
 []


Overfull \hbox (10.77255pt too wide) detected at line 74
\T1/ptm/m/n/14.4 5.1 
 []


Overfull \hbox (10.77255pt too wide) detected at line 75
\T1/ptm/m/n/14.4 5.2 
 []


Overfull \hbox (10.77255pt too wide) detected at line 77
\T1/ptm/m/n/14.4 6.1 
 []


Overfull \hbox (10.77255pt too wide) detected at line 78
\T1/ptm/m/n/14.4 6.2 
 []


Overfull \hbox (10.77255pt too wide) detected at line 79
\T1/ptm/m/n/14.4 6.3 
 []


Overfull \hbox (10.77255pt too wide) detected at line 80
\T1/ptm/m/n/14.4 6.4 
 []


Overfull \hbox (10.77255pt too wide) detected at line 81
\T1/ptm/m/n/14.4 6.5 
 []


Overfull \hbox (10.77255pt too wide) detected at line 82
\T1/ptm/m/n/14.4 6.6 
 []


Overfull \hbox (10.77255pt too wide) detected at line 83
\T1/ptm/m/n/14.4 6.7 
 []


Overfull \hbox (10.77255pt too wide) detected at line 84
\T1/ptm/m/n/14.4 6.8 
 []


Overfull \hbox (10.77255pt too wide) detected at line 85
\T1/ptm/m/n/14.4 6.9 
 []

[7]
Overfull \hbox (17.97255pt too wide) detected at line 86
\T1/ptm/m/n/14.4 6.10 
 []


Overfull \hbox (17.97255pt too wide) detected at line 87
\T1/ptm/m/n/14.4 6.11 
 []


Overfull \hbox (17.97255pt too wide) detected at line 88
\T1/ptm/m/n/14.4 6.12 
 []

)
\tf@toc=\write5
\openout5 = `PFE.toc'.

 [8] (/home/nemo/Work/DashRecours/PFE/Memoir/PFE.lof
LaTeX Font Info:    Font shape `OT1/ptm/bx/n' in size <9> not available
(Font)              Font shape `OT1/ptm/b/n' tried instead on input line 2.
LaTeX Font Info:    Font shape `OT1/ptm/bx/n' in size <7> not available
(Font)              Font shape `OT1/ptm/b/n' tried instead on input line 2.
 [9] [10])
\tf@lof=\write6
\openout6 = `PFE.lof'.

 [11]
(/home/nemo/Work/DashRecours/PFE/Memoir/PFE.lot)
\tf@lot=\write7
\openout7 = `PFE.lot'.

 [12]

Package hyperref Warning: Token not allowed in a PDF string (PDFDocEncoding):
(hyperref)                removing `\new@ifnextchar' on input line 458.


Package hyperref Warning: Token not allowed in a PDF string (PDFDocEncoding):
(hyperref)                removing `\@ifnextchar' on input line 458.

pdfTeX warning (ext4): destination with the same identifier (name{page.1}) has 
been already used, duplicate ignored
<to be read again> 
                   \relax 
l.474 \newpage
               [1]

Package hyperref Warning: Token not allowed in a PDF string (PDFDocEncoding):
(hyperref)                removing `\new@ifnextchar' on input line 485.


Package hyperref Warning: Token not allowed in a PDF string (PDFDocEncoding):
(hyperref)                removing `\@ifnextchar' on input line 485.

<../Planification/Tasks.png, id=654, 1041.8925pt x 621.32124pt>
File: ../Planification/Tasks.png Graphic file (type png)
<use ../Planification/Tasks.png>
Package pdftex.def Info: ../Planification/Tasks.png  used on input line 497.
(pdftex.def)             Requested size: 476.98706pt x 448.07149pt.

Overfull \hbox (2.13521pt too wide) in paragraph at lines 497--498
 [][] 
 []

pdfTeX warning (ext4): destination with the same identifier (name{page.2}) has 
been already used, duplicate ignored
<to be read again> 
                   \relax 
l.501 \newpage
               [2 <../Planification/Tasks.png>]
<../Planification/Gantt.png, id=658, 922.44624pt x 618.31pt>
File: ../Planification/Gantt.png Graphic file (type png)
<use ../Planification/Gantt.png>
Package pdftex.def Info: ../Planification/Gantt.png  used on input line 505.
(pdftex.def)             Requested size: 650.42322pt x 476.99646pt.

Overfull \hbox (2.1446pt too wide) in paragraph at lines 505--506
 [][] 
 []

pdfTeX warning (ext4): destination with the same identifier (name{page.3}) has 
been already used, duplicate ignored
<to be read again> 
                   \relax 
l.509 \newpage
               [3 <../Planification/Gantt.png>]
<../Planification/Network.png, id=662, 1265.72874pt x 715.67375pt>
File: ../Planification/Network.png Graphic file (type png)
<use ../Planification/Network.png>
Package pdftex.def Info: ../Planification/Network.png  used on input line 513.
(pdftex.def)             Requested size: 650.43805pt x 476.98726pt.

Overfull \hbox (2.1354pt too wide) in paragraph at lines 513--514
 [][] 
 []

pdfTeX warning (ext4): destination with the same identifier (name{page.4}) has 
been already used, duplicate ignored
<to be read again> 
                   \relax 
l.517 \newpage
               [4 <../Planification/Network.png>]
LaTeX Font Info:    Font shape `T1/ptm/bx/n' in size <30> not available
(Font)              Font shape `T1/ptm/b/n' tried instead on input line 523.
LaTeX Font Info:    Font shape `T1/ptm/bx/sc' in size <30> not available
(Font)              Font shape `T1/ptm/b/sc' tried instead on input line 523.


Package hyperref Warning: Token not allowed in a PDF string (PDFDocEncoding):
(hyperref)                removing `\@ifnextchar' on input line 528.

pdfTeX warning (ext4): destination with the same identifier (name{page.5}) has 
been already used, duplicate ignored
<to be read again> 
                   \relax 
l.531 \newpage
               [5]pdfTeX warning (ext4): destination with the same identifier (
name{page.6}) has been already used, duplicate ignored
<to be read again> 
                   \relax 
l.545 \newpage
               [6]
<../Images/webDev.jpeg, id=673, 1204.5pt x 632.3625pt>
File: ../Images/webDev.jpeg Graphic file (type jpg)
<use ../Images/webDev.jpeg>
Package pdftex.def Info: ../Images/webDev.jpeg  used on input line 557.
(pdftex.def)             Requested size: 476.97612pt x 274.6316pt.
pdfTeX warning (ext4): destination with the same identifier (name{page.7}) has 
been already used, duplicate ignored
<to be read again> 
                   \relax 
l.561 \newpage
               [7 <../Images/webDev.jpeg>]
<../Images/webDevTools.jpg, id=677, 513.92pt x 225.84375pt>
File: ../Images/webDevTools.jpg Graphic file (type jpg)
<use ../Images/webDevTools.jpg>
Package pdftex.def Info: ../Images/webDevTools.jpg  used on input line 579.
(pdftex.def)             Requested size: 433.62677pt x 195.13849pt.
pdfTeX warning (ext4): destination with the same identifier (name{page.8}) has 
been already used, duplicate ignored
<to be read again> 
                   \relax 
l.583 \newpage
               [8 <../Images/webDevTools.jpg>]
<../Images/ModeleRecours.png, id=681, 496.85625pt x 536.0025pt>
File: ../Images/ModeleRecours.png Graphic file (type png)
<use ../Images/ModeleRecours.png>
Package pdftex.def Info: ../Images/ModeleRecours.png  used on input line 600.
(pdftex.def)             Requested size: 433.6261pt x 397.47804pt.
pdfTeX warning (ext4): destination with the same identifier (name{page.9}) has 
been already used, duplicate ignored
<to be read again> 
                   \relax 
l.604 \newpage
               [9 <../Images/ModeleRecours.png>]
LaTeX Font Info:    Try loading font information for OMS+ptm on input line 609.


(/usr/share/texlive/texmf-dist/tex/latex/psnfss/omsptm.fd
File: omsptm.fd 
)
LaTeX Font Info:    Font shape `OMS/ptm/m/n' in size <12> not available
(Font)              Font shape `OMS/cmsy/m/n' tried instead on input line 609.
pdfTeX warning (ext4): destination with the same identifier (name{page.10}) has
 been already used, duplicate ignored
<to be read again> 
                   \relax 
l.634 \newpage
               [10]
LaTeX Font Info:    Font shape `OT1/ptm/bx/n' in size <14.4> not available
(Font)              Font shape `OT1/ptm/b/n' tried instead on input line 659.
LaTeX Font Info:    Font shape `OT1/ptm/bx/n' in size <10.95> not available
(Font)              Font shape `OT1/ptm/b/n' tried instead on input line 659.
LaTeX Font Info:    Font shape `OT1/ptm/bx/n' in size <8> not available
(Font)              Font shape `OT1/ptm/b/n' tried instead on input line 659.
pdfTeX warning (ext4): destination with the same identifier (name{page.11}) has
 been already used, duplicate ignored
<to be read again> 
                   \relax 
l.685 \newpage
               [11]

Package hyperref Warning: Token not allowed in a PDF string (PDFDocEncoding):
(hyperref)                removing `\@ifnextchar' on input line 696.

pdfTeX warning (ext4): destination with the same identifier (name{page.12}) has
 been already used, duplicate ignored
<to be read again> 
                   \relax 
l.699 \newpage
               [12]pdfTeX warning (ext4): destination with the same identifier 
(name{section.0.1}) has been already used, duplicate ignored
<to be read again> 
                   \relax 
l.701 \section{Introduction}
                            
<../Images/Analyse_Conception.png, id=697, 931.48pt x 707.64375pt>
File: ../Images/Analyse_Conception.png Graphic file (type png)
<use ../Images/Analyse_Conception.png>
Package pdftex.def Info: ../Images/Analyse_Conception.png  used on input line 7
28.
(pdftex.def)             Requested size: 361.34274pt x 195.12633pt.
 [13 <../Images/Analyse_Conception.png>]pdfTeX warning (ext4): destination with
 the same identifier (name{section.0.2}) has been already used, duplicate ignor
ed
<to be read again> 
                   \relax 
l.734 \section{Mthodes utilise}
                                   
<../Images/UMLlogo.png, id=702, 1204.5pt x 876.27374pt>
File: ../Images/UMLlogo.png Graphic file (type png)
<use ../Images/UMLlogo.png>
Package pdftex.def Info: ../Images/UMLlogo.png  used on input line 743.
(pdftex.def)             Requested size: 289.0859pt x 144.5388pt.
<../Images/plantuml.png, id=703, 225.84375pt x 225.84375pt>
File: ../Images/plantuml.png Graphic file (type png)
<use ../Images/plantuml.png>
Package pdftex.def Info: ../Images/plantuml.png  used on input line 755.
(pdftex.def)             Requested size: 260.20763pt x 137.31993pt.
 [14 <../Images/UMLlogo.png> <../Images/plantuml.png>]
<../Images/PlantumlPreviewer.png, id=711, 2750.275pt x 1345.025pt>
File: ../Images/PlantumlPreviewer.png Graphic file (type png)
<use ../Images/PlantumlPreviewer.png>
Package pdftex.def Info: ../Images/PlantumlPreviewer.png  used on input line 77
1.
(pdftex.def)             Requested size: 476.98286pt x 216.80922pt.

Overfull \hbox (2.13101pt too wide) in paragraph at lines 771--772
 [][] 
 []

<../Images/GraphvizLogo.png, id=712, 317.185pt x 317.185pt>
File: ../Images/GraphvizLogo.png Graphic file (type png)
<use ../Images/GraphvizLogo.png>
Package pdftex.def Info: ../Images/GraphvizLogo.png  used on input line 781.
(pdftex.def)             Requested size: 289.10341pt x 144.54202pt.
[15 <../Images/PlantumlPreviewer.png> <../Images/GraphvizLogo.png>]
<../Images/Vim.png, id=719, 224.84pt x 225.84375pt>
File: ../Images/Vim.png Graphic file (type png)
<use ../Images/Vim.png>
Package pdftex.def Info: ../Images/Vim.png  used on input line 794.
(pdftex.def)             Requested size: 252.95467pt x 144.54639pt.
pdfTeX warning (ext4): destination with the same identifier (name{section.0.3})
 has been already used, duplicate ignored
<to be read again> 
                   \relax 
l.798 \section{Diagrammes}
                          
<../Images/usecaseEG.png, id=720, 244.915pt x 94.3525pt>
File: ../Images/usecaseEG.png Graphic file (type png)
<use ../Images/usecaseEG.png>
Package pdftex.def Info: ../Images/usecaseEG.png  used on input line 808.
(pdftex.def)             Requested size: 216.81514pt x 72.27011pt.
 [16 <../Images/Vim.png> <../Images/usecaseEG.png (PNG copy)>]
<../Conception/Usecase/PNG/General/Utilisateur3.png, id=726, 1327.96124pt x 533
.995pt>
File: ../Conception/Usecase/PNG/General/Utilisateur3.png Graphic file (type png
)
<use ../Conception/Usecase/PNG/General/Utilisateur3.png>
Package pdftex.def Info: ../Conception/Usecase/PNG/General/Utilisateur3.png  us
ed on input line 855.
(pdftex.def)             Requested size: 476.97148pt x 224.04007pt.
 [17 <../Conception/Usecase/PNG/General/Utilisateur3.png>]
<../Conception/Usecase/PNG/Administrateur.png, id=734, 1093.08376pt x 902.37125
pt>
File: ../Conception/Usecase/PNG/Administrateur.png Graphic file (type png)
<use ../Conception/Usecase/PNG/Administrateur.png>
Package pdftex.def Info: ../Conception/Usecase/PNG/Administrateur.png  used on 
input line 863.
(pdftex.def)             Requested size: 476.98871pt x 433.62897pt.
 [18 <../Conception/Usecase/PNG/Administrateur.png>]
<../Conception/Usecase/PNG/Details/GererET.png, id=740, 1444.39626pt x 283.0575
pt>
File: ../Conception/Usecase/PNG/Details/GererET.png Graphic file (type png)
<use ../Conception/Usecase/PNG/Details/GererET.png>
Package pdftex.def Info: ../Conception/Usecase/PNG/Details/GererET.png  used on
 input line 886.
(pdftex.def)             Requested size: 433.60873pt x 72.26724pt.
 [19 <../Conception/Usecase/PNG/Details/GererET.png>]
<../Conception/Usecase/PNG/Enseignant.png, id=745, 1444.39626pt x 470.75874pt>
File: ../Conception/Usecase/PNG/Enseignant.png Graphic file (type png)
<use ../Conception/Usecase/PNG/Enseignant.png>
Package pdftex.def Info: ../Conception/Usecase/PNG/Enseignant.png  used on inpu
t line 921.
(pdftex.def)             Requested size: 476.98283pt x 216.81024pt.
 [20 <../Conception/Usecase/PNG/Enseignant.png>]
<../Conception/Usecase/PNG/Details/GererRecoursSoumis.png, id=750, 1444.39626pt
 x 269.005pt>
File: ../Conception/Usecase/PNG/Details/GererRecoursSoumis.png Graphic file (ty
pe png)
<use ../Conception/Usecase/PNG/Details/GererRecoursSoumis.png>
Package pdftex.def Info: ../Conception/Usecase/PNG/Details/GererRecoursSoumis.p
ng  used on input line 946.
(pdftex.def)             Requested size: 433.60873pt x 72.2711pt.
 [21 <../Conception/Usecase/PNG/Details/GererRecoursSoumis.png>]
<../Conception/Usecase/PNG/Etudiant.png, id=755, 1444.39626pt x 620.3175pt>
File: ../Conception/Usecase/PNG/Etudiant.png Graphic file (type png)
<use ../Conception/Usecase/PNG/Etudiant.png>
Package pdftex.def Info: ../Conception/Usecase/PNG/Etudiant.png  used on input 
line 980.
(pdftex.def)             Requested size: 476.98283pt x 216.80202pt.
 [22 <../Conception/Usecase/PNG/Etudiant.png>]
<../Conception/Usecase/PNG/Details/AjouterRecours.png, id=760, 1444.39626pt x 2
85.065pt>
File: ../Conception/Usecase/PNG/Details/AjouterRecours.png Graphic file (type p
ng)
<use ../Conception/Usecase/PNG/Details/AjouterRecours.png>
Package pdftex.def Info: ../Conception/Usecase/PNG/Details/AjouterRecours.png  
used on input line 1000.
(pdftex.def)             Requested size: 433.60873pt x 72.26651pt.

Overfull \hbox (2.9467pt too wide) in paragraph at lines 1008--1029
 [][] 
 []

[23 <../Conception/Usecase/PNG/Details/AjouterRecours.png>]
<../Conception/Usecase/PNG/Details/ModifierRecours.png, id=765, 1444.39626pt x 
273.02pt>
File: ../Conception/Usecase/PNG/Details/ModifierRecours.png Graphic file (type 
png)
<use ../Conception/Usecase/PNG/Details/ModifierRecours.png>
Package pdftex.def Info: ../Conception/Usecase/PNG/Details/ModifierRecours.png 
 used on input line 1036.
(pdftex.def)             Requested size: 433.60873pt x 72.2708pt.
 [24 <../Conception/Usecase/PNG/Details/ModifierRecours.png>]
<../Conception/Usecase/PNG/Details/SupprimerRecours.png, id=771, 1444.39626pt x
 282.05376pt>
File: ../Conception/Usecase/PNG/Details/SupprimerRecours.png Graphic file (type
 png)
<use ../Conception/Usecase/PNG/Details/SupprimerRecours.png>
Package pdftex.def Info: ../Conception/Usecase/PNG/Details/SupprimerRecours.png
  used on input line 1072.
(pdftex.def)             Requested size: 433.60873pt x 72.2692pt.
<../Conception/Usecase/PNG/Details/S'inscrire.png, id=772, 1444.39626pt x 346.2
9375pt>
File: ../Conception/Usecase/PNG/Details/S'inscrire.png Graphic file (type png)
<use ../Conception/Usecase/PNG/Details/S'inscrire.png>
Package pdftex.def Info: ../Conception/Usecase/PNG/Details/S'inscrire.png  used
 on input line 1105.
(pdftex.def)             Requested size: 433.60873pt x 72.2694pt.
 [25 <../Conception/Usecase/PNG/Details/SupprimerRecours.png> <../Conception/Us
ecase/PNG/Details/S'inscrire.png>]
<../Images/DiagSeqEX.png, id=777, 329.23pt x 285.065pt>
File: ../Images/DiagSeqEX.png Graphic file (type png)
<use ../Images/DiagSeqEX.png>
Package pdftex.def Info: ../Images/DiagSeqEX.png  used on input line 1151.
(pdftex.def)             Requested size: 252.95026pt x 187.89989pt.
<../Conception/Sequence/PNG/S'inscrire.png, id=778, 851.18pt x 902.37125pt>
File: ../Conception/Sequence/PNG/S'inscrire.png Graphic file (type png)
<use ../Conception/Sequence/PNG/S'inscrire.png>
Package pdftex.def Info: ../Conception/Sequence/PNG/S'inscrire.png  used on inp
ut line 1159.
(pdftex.def)             Requested size: 476.98224pt x 448.07271pt.

[26 <../Images/DiagSeqEX.png (PNG copy)>] [27 <../Conception/Sequence/PNG/S'ins
crire.png>]
<../Conception/Sequence/PNG/S'authentifier.png, id=788, 872.25874pt x 902.37125
pt>
File: ../Conception/Sequence/PNG/S'authentifier.png Graphic file (type png)
<use ../Conception/Sequence/PNG/S'authentifier.png>
Package pdftex.def Info: ../Conception/Sequence/PNG/S'authentifier.png  used on
 input line 1179.
(pdftex.def)             Requested size: 476.9754pt x 476.98773pt.
 [28 <../Conception/Sequence/PNG/S'authentifier.png>]
<../Conception/Sequence/PNG/Enseignant/GererRecours.png, id=793, 880.28876pt x 
898.35625pt>
File: ../Conception/Sequence/PNG/Enseignant/GererRecours.png Graphic file (type
 png)
<use ../Conception/Sequence/PNG/Enseignant/GererRecours.png>
Package pdftex.def Info: ../Conception/Sequence/PNG/Enseignant/GererRecours.png
  used on input line 1196.
(pdftex.def)             Requested size: 476.97414pt x 520.3616pt.
 [29 <../Conception/Sequence/PNG/Enseignant/GererRecours.png>]
<../Conception/Sequence/PNG/Etudiant/SelectTousRecours.png, id=798, 1159.33125p
t x 902.37125pt>
File: ../Conception/Sequence/PNG/Etudiant/SelectTousRecours.png Graphic file (t
ype png)
<use ../Conception/Sequence/PNG/Etudiant/SelectTousRecours.png>
Package pdftex.def Info: ../Conception/Sequence/PNG/Etudiant/SelectTousRecours.
png  used on input line 1212.
(pdftex.def)             Requested size: 476.97406pt x 419.17145pt.
 [30 <../Conception/Sequence/PNG/Etudiant/SelectTousRecours.png>]
<../Conception/Sequence/PNG/Etudiant/AjouterRecours.png, id=804, 854.19125pt x 
902.37125pt>
File: ../Conception/Sequence/PNG/Etudiant/AjouterRecours.png Graphic file (type
 png)
<use ../Conception/Sequence/PNG/Etudiant/AjouterRecours.png>
Package pdftex.def Info: ../Conception/Sequence/PNG/Etudiant/AjouterRecours.png
  used on input line 1231.
(pdftex.def)             Requested size: 476.97528pt x 448.07271pt.
 [31 <../Conception/Sequence/PNG/Etudiant/AjouterRecours.png>]
<../Conception/Sequence/PNG/Etudiant/ModifierRecours.png, id=809, 938.50626pt x
 902.37125pt>
File: ../Conception/Sequence/PNG/Etudiant/ModifierRecours.png Graphic file (typ
e png)
<use ../Conception/Sequence/PNG/Etudiant/ModifierRecours.png>
Package pdftex.def Info: ../Conception/Sequence/PNG/Etudiant/ModifierRecours.pn
g  used on input line 1248.
(pdftex.def)             Requested size: 476.97069pt x 448.07271pt.
 [32 <../Conception/Sequence/PNG/Etudiant/ModifierRecours.png>]
<../Conception/Sequence/PNG/Etudiant/SupprimerRecours.png, id=814, 852.18375pt 
x 902.37125pt>
File: ../Conception/Sequence/PNG/Etudiant/SupprimerRecours.png Graphic file (ty
pe png)
<use ../Conception/Sequence/PNG/Etudiant/SupprimerRecours.png>
Package pdftex.def Info: ../Conception/Sequence/PNG/Etudiant/SupprimerRecours.p
ng  used on input line 1267.
(pdftex.def)             Requested size: 476.98558pt x 448.07271pt.
[33 <../Conception/Sequence/PNG/Etudiant/SupprimerRecours.png>]
<../Conception/Sequence/PNG/Administrateur/Administrateur.png, id=820, 1059.96p
t x 902.37125pt>
File: ../Conception/Sequence/PNG/Administrateur/Administrateur.png Graphic file
 (type png)
<use ../Conception/Sequence/PNG/Administrateur/Administrateur.png>
Package pdftex.def Info: ../Conception/Sequence/PNG/Administrateur/Administrate
ur.png  used on input line 1286.
(pdftex.def)             Requested size: 476.9776pt x 448.07271pt.
 [34 <../Conception/Sequence/PNG/Administrateur/Administrateur.png>]
<../Conception/Sequence/PNG/Administrateur/AjouterUtilisateur.png, id=825, 1101
.11375pt x 902.37125pt>
File: ../Conception/Sequence/PNG/Administrateur/AjouterUtilisateur.png Graphic 
file (type png)
<use ../Conception/Sequence/PNG/Administrateur/AjouterUtilisateur.png>
Package pdftex.def Info: ../Conception/Sequence/PNG/Administrateur/AjouterUtili
sateur.png  used on input line 1308.
(pdftex.def)             Requested size: 476.98123pt x 448.07271pt.
 [35 <../Conception/Sequence/PNG/Administrateur/AjouterUtilisateur.png>]
<../Conception/Sequence/PNG/Administrateur/ModifierUtilisateur.png, id=830, 922
.44624pt x 902.37125pt>
File: ../Conception/Sequence/PNG/Administrateur/ModifierUtilisateur.png Graphic
 file (type png)
<use ../Conception/Sequence/PNG/Administrateur/ModifierUtilisateur.png>
Package pdftex.def Info: ../Conception/Sequence/PNG/Administrateur/ModifierUtil
isateur.png  used on input line 1327.
(pdftex.def)             Requested size: 476.97234pt x 448.07271pt.
 [36 <../Conception/Sequence/PNG/Administrateur/ModifierUtilisateur.png>]
<../Conception/Sequence/PNG/Administrateur/SupprimerUtilisateur.png, id=836, 92
0.43875pt x 902.37125pt>
File: ../Conception/Sequence/PNG/Administrateur/SupprimerUtilisateur.png Graphi
c file (type png)
<use ../Conception/Sequence/PNG/Administrateur/SupprimerUtilisateur.png>
Package pdftex.def Info: ../Conception/Sequence/PNG/Administrateur/SupprimerUti
lisateur.png  used on input line 1346.
(pdftex.def)             Requested size: 476.98767pt x 448.07271pt.
 [37 <../Conception/Sequence/PNG/Administrateur/SupprimerUtilisateur.png>]
<../Images/DiagActEX.png, id=841, 458.71375pt x 577.15625pt>
File: ../Images/DiagActEX.png Graphic file (type png)
<use ../Images/DiagActEX.png>
Package pdftex.def Info: ../Images/DiagActEX.png  used on input line 1386.
(pdftex.def)             Requested size: 325.22708pt x 267.40614pt.
 [38 <../Images/DiagActEX.png>]
<../Conception/Activity/PNG/Authentification.png, id=847, 713.66624pt x 902.371
25pt>
File: ../Conception/Activity/PNG/Authentification.png Graphic file (type png)
<use ../Conception/Activity/PNG/Authentification.png>
Package pdftex.def Info: ../Conception/Activity/PNG/Authentification.png  used 
on input line 1398.
(pdftex.def)             Requested size: 476.97781pt x 520.37404pt.
 [39 <../Conception/Activity/PNG/Authentification.png>]
<../Conception/Activity/PNG/Administrateur.png, id=853, 968.61874pt x 902.37125
pt>
File: ../Conception/Activity/PNG/Administrateur.png Graphic file (type png)
<use ../Conception/Activity/PNG/Administrateur.png>
Package pdftex.def Info: ../Conception/Activity/PNG/Administrateur.png  used on
 input line 1410.
(pdftex.def)             Requested size: 476.99213pt x 520.37404pt.
 [40 <../Conception/Activity/PNG/Administrateur.png>]
<../Conception/Activity/PNG/Enseignant.png, id=859, 1042.89626pt x 902.37125pt>

File: ../Conception/Activity/PNG/Enseignant.png Graphic file (type png)
<use ../Conception/Activity/PNG/Enseignant.png>
Package pdftex.def Info: ../Conception/Activity/PNG/Enseignant.png  used on inp
ut line 1422.
(pdftex.def)             Requested size: 476.9851pt x 520.37404pt.
 [41 <../Conception/Activity/PNG/Enseignant.png>]
<../Conception/Activity/PNG/Etudiant.png, id=865, 1037.8775pt x 902.37125pt>
File: ../Conception/Activity/PNG/Etudiant.png Graphic file (type png)
<use ../Conception/Activity/PNG/Etudiant.png>
Package pdftex.def Info: ../Conception/Activity/PNG/Etudiant.png  used on input
 line 1434.
(pdftex.def)             Requested size: 476.98602pt x 520.37404pt.
 [42 <../Conception/Activity/PNG/Etudiant.png>]
<../Conception/Deployment/PNG/Deployment.png, id=872, 1304.875pt x 572.1375pt>
File: ../Conception/Deployment/PNG/Deployment.png Graphic file (type png)
<use ../Conception/Deployment/PNG/Deployment.png>
Package pdftex.def Info: ../Conception/Deployment/PNG/Deployment.png  used on i
nput line 1454.
(pdftex.def)             Requested size: 476.98225pt x 289.07993pt.
 [43 <../Conception/Deployment/PNG/Deployment.png>]
<../Conception/Class/PNG/Utilisateur.png, id=878, 1276.77pt x 902.37125pt>
File: ../Conception/Class/PNG/Utilisateur.png Graphic file (type png)
<use ../Conception/Class/PNG/Utilisateur.png>
Package pdftex.def Info: ../Conception/Class/PNG/Utilisateur.png  used on input
 line 1474.
(pdftex.def)             Requested size: 476.97575pt x 361.35518pt.
 [44 <../Conception/Class/PNG/Utilisateur.png>]
<../Conception/Class/PNG/Administrateur.png, id=884, 1273.75874pt x 902.37125pt
>
File: ../Conception/Class/PNG/Administrateur.png Graphic file (type png)
<use ../Conception/Class/PNG/Administrateur.png>
Package pdftex.def Info: ../Conception/Class/PNG/Administrateur.png  used on in
put line 1486.
(pdftex.def)             Requested size: 476.9781pt x 361.35518pt.
 [45 <../Conception/Class/PNG/Administrateur.png>]
<../Conception/Class/PNG/Enseignant.png, id=890, 928.46875pt x 902.37125pt>
File: ../Conception/Class/PNG/Enseignant.png Graphic file (type png)
<use ../Conception/Class/PNG/Enseignant.png>
Package pdftex.def Info: ../Conception/Class/PNG/Enseignant.png  used on input 
line 1511.
(pdftex.def)             Requested size: 476.98378pt x 448.07271pt.
 [46 <../Conception/Class/PNG/Enseignant.png>]
<../Conception/Class/PNG/Etudiant.png, id=896, 996.72375pt x 902.37125pt>
File: ../Conception/Class/PNG/Etudiant.png Graphic file (type png)
<use ../Conception/Class/PNG/Etudiant.png>
Package pdftex.def Info: ../Conception/Class/PNG/Etudiant.png  used on input li
ne 1531.
(pdftex.def)             Requested size: 476.97714pt x 448.07271pt.
pdfTeX warning (ext4): destination with the same identifier (name{section.0.4})
 has been already used, duplicate ignored
<to be read again> 
                   \relax 
l.1546 \section{Conclusion}
                            [47 <../Conception/Class/PNG/Etudiant.png>]

Package hyperref Warning: Token not allowed in a PDF string (PDFDocEncoding):
(hyperref)                removing `\@ifnextchar' on input line 1560.

[48]pdfTeX warning (ext4): destination with the same identifier (name{section.0
.1}) has been already used, duplicate ignored
<to be read again> 
                   \relax 
l.1565 \section{Introduction}
                             pdfTeX warning (ext4): destination with the same i
dentifier (name{section.0.2}) has been already used, duplicate ignored
<to be read again> 
                   \relax 
l.1571 ...Les langages de programmation utiliss}
                                                  pdfTeX warning (ext4): destin
ation with the same identifier (name{subsection.0.2.1}) has been already used, 
duplicate ignored
<to be read again> 
                   \relax 
l.1573 \subsection{HTML}
                        
<../Images/Html.png, id=907, 1204.5pt x 1204.5pt>
File: ../Images/Html.png Graphic file (type png)
<use ../Images/Html.png>
Package pdftex.def Info: ../Images/Html.png  used on input line 1582.
(pdftex.def)             Requested size: 231.26505pt x 173.44418pt.
 [49 <../Images/Html.png>]pdfTeX warning (ext4): destination with the same iden
tifier (name{subsection.0.2.2}) has been already used, duplicate ignored
<to be read again> 
                   \relax 
l.1588 \subsection{CSS}
                       
<../Images/CSS.png, id=913, 1204.5pt x 1699.34875pt>
File: ../Images/CSS.png Graphic file (type png)
<use ../Images/CSS.png>
Package pdftex.def Info: ../Images/CSS.png  used on input line 1598.
(pdftex.def)             Requested size: 166.22118pt x 187.88835pt.
pdfTeX warning (ext4): destination with the same identifier (name{subsection.0.
2.3}) has been already used, duplicate ignored
<to be read again> 
                   \relax 
l.1602 \subsection{Bootstrap}
                             
<../Images/Bootstrap.png, id=914, 722.7pt x 341.275pt>
File: ../Images/Bootstrap.png Graphic file (type png)
<use ../Images/Bootstrap.png>
Package pdftex.def Info: ../Images/Bootstrap.png  used on input line 1608.
(pdftex.def)             Requested size: 252.93776pt x 93.94725pt.
 [50 <../Images/CSS.png> <../Images/Bootstrap.png>]pdfTeX warning (ext4): desti
nation with the same identifier (name{subsection.0.2.4}) has been already used,
 duplicate ignored
<to be read again> 
                   \relax 
l.1615 \subsection{Javascript}
                              
<../Images/JS.png, id=921, 1505.625pt x 1629.08624pt>
File: ../Images/JS.png Graphic file (type png)
<use ../Images/JS.png>
Package pdftex.def Info: ../Images/JS.png  used on input line 1627.
(pdftex.def)             Requested size: 202.35461pt x 187.90027pt.
pdfTeX warning (ext4): destination with the same identifier (name{subsection.0.
2.5}) has been already used, duplicate ignored
<to be read again> 
                   \relax 
l.1633 \subsection{PHP}
                       
<../Images/PHP.png, id=922, 513.92pt x 513.92pt>
File: ../Images/PHP.png Graphic file (type png)
<use ../Images/PHP.png>
Package pdftex.def Info: ../Images/PHP.png  used on input line 1643.
(pdftex.def)             Requested size: 202.35706pt x 144.53964pt.
 [51 <../Images/JS.png> <../Images/PHP.png>]
<../Images/MySQL.png, id=929, 1204.5pt x 621.32124pt>
File: ../Images/MySQL.png Graphic file (type png)
<use ../Images/MySQL.png>
Package pdftex.def Info: ../Images/MySQL.png  used on input line 1662.
(pdftex.def)             Requested size: 274.6215pt x 144.54102pt.
 [52 <../Images/MySQL.png>]pdfTeX warning (ext4): destination with the same ide
ntifier (name{section.0.3}) has been already used, duplicate ignored
<to be read again> 
                   \relax 
l.1669 \section{Les outils utiliss}
                                     pdfTeX warning (ext4): destination with th
e same identifier (name{subsection.0.3.1}) has been already used, duplicate ign
ored
<to be read again> 
                   \relax 
l.1671 \subsection{Vim}
                       
File: ../Images/Vim.png Graphic file (type png)
<use ../Images/Vim.png>
Package pdftex.def Info: ../Images/Vim.png  used on input line 1679.
(pdftex.def)             Requested size: 216.81828pt x 144.54639pt.
pdfTeX warning (ext4): destination with the same identifier (name{subsection.0.
3.2}) has been already used, duplicate ignored
<to be read again> 
                   \relax 
l.1686 \subsection{Mycli}
                         
<../Images/mycli.png, id=935, 1529.715pt x 553.06625pt>
File: ../Images/mycli.png Graphic file (type png)
<use ../Images/mycli.png>
Package pdftex.def Info: ../Images/mycli.png  used on input line 1692.
(pdftex.def)             Requested size: 433.61581pt x 173.44038pt.
 [53 <../Images/mycli.png>]pdfTeX warning (ext4): destination with the same ide
ntifier (name{subsection.0.3.3}) has been already used, duplicate ignored
<to be read again> 
                   \relax 
l.1699 \subsection{Apache}
                          
<../Images/Apache.png, id=941, 752.8125pt x 414.54875pt>
File: ../Images/Apache.png Graphic file (type png)
<use ../Images/Apache.png>
Package pdftex.def Info: ../Images/Apache.png  used on input line 1709.
(pdftex.def)             Requested size: 245.71796pt x 93.94626pt.
pdfTeX warning (ext4): destination with the same identifier (name{subsection.0.
3.4}) has been already used, duplicate ignored
<to be read again> 
                   \relax 
l.1713 \subsection{PhpMyAdmin}
                              
<../Images/PhpMyAdmin.png, id=942, 903.375pt x 474.27188pt>
File: ../Images/PhpMyAdmin.png Graphic file (type png)
<use ../Images/PhpMyAdmin.png>
Package pdftex.def Info: ../Images/PhpMyAdmin.png  used on input line 1721.
(pdftex.def)             Requested size: 245.72026pt x 144.54054pt.
 [54 <../Images/Apache.png (PNG copy)> <../Images/PhpMyAdmin.png>]pdfTeX warnin
g (ext4): destination with the same identifier (name{section.0.4}) has been alr
eady used, duplicate ignored
<to be read again> 
                   \relax 
l.1727 \section{Architecture}
                             

Package hyperref Warning: The anchor of a bookmark and its parent's must not
(hyperref)                be the same. Added a new anchor on input line 1727.

<../Images/MVC.png, id=950, 1204.5pt x 1324.95pt>
File: ../Images/MVC.png Graphic file (type png)
<use ../Images/MVC.png>
Package pdftex.def Info: ../Images/MVC.png  used on input line 1739.
(pdftex.def)             Requested size: 289.0859pt x 303.51906pt.
[55 <../Images/MVC.png>]pdfTeX warning (ext4): destination with the same identi
fier (name{section.0.5}) has been already used, duplicate ignored
<to be read again> 
                   \relax 
l.1745 \section{Matriaux utiliss}
                                     pdfTeX warning (ext4): destination with th
e same identifier (name{subsection.0.5.1}) has been already used, duplicate ign
ored
<to be read again> 
                   \relax 
l.1749 \subsection{Environnement matriel}
                                           pdfTeX warning (ext4): destination w
ith the same identifier (name{subsection.0.5.2}) has been already used, duplica
te ignored
<to be read again> 
                   \relax 
l.1768 ...section{Signification des abrviations}
                                                   [56]pdfTeX warning (ext4): d
estination with the same identifier (name{section.0.6}) has been already used, 
duplicate ignored
<to be read again> 
                   \relax 
l.1790 \section{Le site Web}
                            pdfTeX warning (ext4): destination with the same id
entifier (name{subsection.0.6.1}) has been already used, duplicate ignored
<to be read again> 
                   \relax 
l.1792 \subsection{Page de connexion}
                                     
<../Site/login.png, id=960, 1445.4pt x 903.375pt>
File: ../Site/login.png Graphic file (type png)
<use ../Site/login.png>
Package pdftex.def Info: ../Site/login.png  used on input line 1804.
(pdftex.def)             Requested size: 476.98347pt x 361.35739pt.

Overfull \hbox (2.13162pt too wide) in paragraph at lines 1804--1805
 [][] 
 []

[57 <../Site/login.png>]pdfTeX warning (ext4): destination with the same identi
fier (name{subsection.0.6.2}) has been already used, duplicate ignored
<to be read again> 
                   \relax 
l.1810 \subsection{Page d'inscription}
                                      
<../Site/register.png, id=965, 1445.4pt x 903.375pt>
File: ../Site/register.png Graphic file (type png)
<use ../Site/register.png>
Package pdftex.def Info: ../Site/register.png  used on input line 1822.
(pdftex.def)             Requested size: 476.98347pt x 361.35739pt.

Overfull \hbox (2.13162pt too wide) in paragraph at lines 1822--1823
 [][] 
 []

[58 <../Site/register.png>]pdfTeX warning (ext4): destination with the same ide
ntifier (name{subsection.0.6.3}) has been already used, duplicate ignored
<to be read again> 
                   \relax 
l.1828 \subsection{Page d'inscription complte}
                                                
<../Site/registerFULL.png, id=970, 1445.4pt x 903.375pt>
File: ../Site/registerFULL.png Graphic file (type png)
<use ../Site/registerFULL.png>
Package pdftex.def Info: ../Site/registerFULL.png  used on input line 1840.
(pdftex.def)             Requested size: 476.98347pt x 361.35739pt.

Overfull \hbox (2.13162pt too wide) in paragraph at lines 1840--1841
 [][] 
 []

[59 <../Site/registerFULL.png>]
<../Site/registerFULL2.png, id=975, 1445.4pt x 903.375pt>
File: ../Site/registerFULL2.png Graphic file (type png)
<use ../Site/registerFULL2.png>
Package pdftex.def Info: ../Site/registerFULL2.png  used on input line 1848.
(pdftex.def)             Requested size: 476.98347pt x 361.35739pt.

Overfull \hbox (2.13162pt too wide) in paragraph at lines 1848--1849
 [][] 
 []

[60 <../Site/registerFULL2.png>]
<../Site/index.png, id=981, 1445.4pt x 903.375pt>
File: ../Site/index.png Graphic file (type png)
<use ../Site/index.png>
Package pdftex.def Info: ../Site/index.png  used on input line 1870.
(pdftex.def)             Requested size: 476.98347pt x 361.35739pt.

Overfull \hbox (2.13162pt too wide) in paragraph at lines 1870--1871
 [][] 
 []

[61 <../Site/index.png>]
<../Site/profileETList.png, id=986, 1445.4pt x 903.375pt>
File: ../Site/profileETList.png Graphic file (type png)
<use ../Site/profileETList.png>
Package pdftex.def Info: ../Site/profileETList.png  used on input line 1888.
(pdftex.def)             Requested size: 476.98347pt x 325.21475pt.

Overfull \hbox (2.13162pt too wide) in paragraph at lines 1888--1889
 [][] 
 []

<../Site/profileETAdd.png, id=987, 1445.4pt x 903.375pt>
File: ../Site/profileETAdd.png Graphic file (type png)
<use ../Site/profileETAdd.png>
Package pdftex.def Info: ../Site/profileETAdd.png  used on input line 1894.
(pdftex.def)             Requested size: 476.98347pt x 303.53194pt.

Overfull \hbox (2.13162pt too wide) in paragraph at lines 1894--1895
 [][] 
 []

[62 <../Site/profileETList.png> <../Site/profileETAdd.png>]
<../Site/profileETUpdate.png, id=992, 1445.4pt x 903.375pt>
File: ../Site/profileETUpdate.png Graphic file (type png)
<use ../Site/profileETUpdate.png>
Package pdftex.def Info: ../Site/profileETUpdate.png  used on input line 1903.
(pdftex.def)             Requested size: 476.98347pt x 310.76872pt.

Overfull \hbox (2.13162pt too wide) in paragraph at lines 1903--1904
 [][] 
 []

<../Site/profileETRead.png, id=993, 1445.4pt x 903.375pt>
File: ../Site/profileETRead.png Graphic file (type png)
<use ../Site/profileETRead.png>
Package pdftex.def Info: ../Site/profileETRead.png  used on input line 1909.
(pdftex.def)             Requested size: 476.98347pt x 310.76872pt.

Overfull \hbox (2.13162pt too wide) in paragraph at lines 1909--1910
 [][] 
 []

[63 <../Site/profileETUpdate.png> <../Site/profileETRead.png>]
<../Site/settings.png, id=998, 1445.4pt x 903.375pt>
File: ../Site/settings.png Graphic file (type png)
<use ../Site/settings.png>
Package pdftex.def Info: ../Site/settings.png  used on input line 1927.
(pdftex.def)             Requested size: 476.98347pt x 361.35739pt.

Overfull \hbox (2.13162pt too wide) in paragraph at lines 1927--1928
 [][] 
 []

[64 <../Site/settings.png>]
<../Site/profileENSList.png, id=1003, 1445.4pt x 903.375pt>
File: ../Site/profileENSList.png Graphic file (type png)
<use ../Site/profileENSList.png>
Package pdftex.def Info: ../Site/profileENSList.png  used on input line 1952.
(pdftex.def)             Requested size: 476.98347pt x 346.89757pt.

Overfull \hbox (2.13162pt too wide) in paragraph at lines 1952--1953
 [][] 
 []

[65 <../Site/profileENSList.png>]
<../Site/profileENSRefused.png, id=1008, 1445.4pt x 903.375pt>
File: ../Site/profileENSRefused.png Graphic file (type png)
<use ../Site/profileENSRefused.png>
Package pdftex.def Info: ../Site/profileENSRefused.png  used on input line 1961
.
(pdftex.def)             Requested size: 476.98347pt x 310.76872pt.

Overfull \hbox (2.13162pt too wide) in paragraph at lines 1961--1962
 [][] 
 []

<../Site/profileENSRead.png, id=1009, 1445.4pt x 903.375pt>
File: ../Site/profileENSRead.png Graphic file (type png)
<use ../Site/profileENSRead.png>
Package pdftex.def Info: ../Site/profileENSRead.png  used on input line 1967.
(pdftex.def)             Requested size: 476.98347pt x 310.76872pt.

Overfull \hbox (2.13162pt too wide) in paragraph at lines 1967--1968
 [][] 
 []

[66 <../Site/profileENSRefused.png> <../Site/profileENSRead.png>]
<../Site/profileADMList.png, id=1015, 1445.4pt x 903.375pt>
File: ../Site/profileADMList.png Graphic file (type png)
<use ../Site/profileADMList.png>
Package pdftex.def Info: ../Site/profileADMList.png  used on input line 1989.
(pdftex.def)             Requested size: 476.98347pt x 346.89757pt.

Overfull \hbox (2.13162pt too wide) in paragraph at lines 1989--1990
 [][] 
 []

[67 <../Site/profileADMList.png>]
<../Site/profileADMList2.png, id=1020, 1445.4pt x 903.375pt>
File: ../Site/profileADMList2.png Graphic file (type png)
<use ../Site/profileADMList2.png>
Package pdftex.def Info: ../Site/profileADMList2.png  used on input line 1997.
(pdftex.def)             Requested size: 476.98347pt x 310.76872pt.

Overfull \hbox (2.13162pt too wide) in paragraph at lines 1997--1998
 [][] 
 []

<../Site/profileADMAdd.png, id=1021, 1445.4pt x 903.375pt>
File: ../Site/profileADMAdd.png Graphic file (type png)
<use ../Site/profileADMAdd.png>
Package pdftex.def Info: ../Site/profileADMAdd.png  used on input line 2003.
(pdftex.def)             Requested size: 476.98347pt x 310.76872pt.

Overfull \hbox (2.13162pt too wide) in paragraph at lines 2003--2004
 [][] 
 []

[68 <../Site/profileADMList2.png> <../Site/profileADMAdd.png>]
<../Site/profileADMUpdate.png, id=1026, 1445.4pt x 903.375pt>
File: ../Site/profileADMUpdate.png Graphic file (type png)
<use ../Site/profileADMUpdate.png>
Package pdftex.def Info: ../Site/profileADMUpdate.png  used on input line 2012.

(pdftex.def)             Requested size: 476.98347pt x 310.76872pt.

Overfull \hbox (2.13162pt too wide) in paragraph at lines 2012--2013
 [][] 
 []

<../Site/profileADMRead.png, id=1027, 1445.4pt x 903.375pt>
File: ../Site/profileADMRead.png Graphic file (type png)
<use ../Site/profileADMRead.png>
Package pdftex.def Info: ../Site/profileADMRead.png  used on input line 2018.
(pdftex.def)             Requested size: 476.98347pt x 310.76872pt.

Overfull \hbox (2.13162pt too wide) in paragraph at lines 2018--2019
 [][] 
 []

[69 <../Site/profileADMUpdate.png> <../Site/profileADMRead.png>]
<../Site/trafic.png, id=1032, 1445.4pt x 903.375pt>
File: ../Site/trafic.png Graphic file (type png)
<use ../Site/trafic.png>
Package pdftex.def Info: ../Site/trafic.png  used on input line 2042.
(pdftex.def)             Requested size: 476.98347pt x 346.89757pt.

Overfull \hbox (2.13162pt too wide) in paragraph at lines 2042--2043
 [][] 
 []

[70 <../Site/trafic.png>]
<../Site/dashboard.png, id=1037, 1445.4pt x 903.375pt>
File: ../Site/dashboard.png Graphic file (type png)
<use ../Site/dashboard.png>
Package pdftex.def Info: ../Site/dashboard.png  used on input line 2063.
(pdftex.def)             Requested size: 476.98347pt x 346.89757pt.

Overfull \hbox (2.13162pt too wide) in paragraph at lines 2063--2064
 [][] 
 []

[71 <../Site/dashboard.png>]
<../Site/dashboard2.png, id=1042, 1445.4pt x 903.375pt>
File: ../Site/dashboard2.png Graphic file (type png)
<use ../Site/dashboard2.png>
Package pdftex.def Info: ../Site/dashboard2.png  used on input line 2071.
(pdftex.def)             Requested size: 476.98347pt x 346.89757pt.

Overfull \hbox (2.13162pt too wide) in paragraph at lines 2071--2072
 [][] 
 []

[72 <../Site/dashboard2.png>]
<../Site/charts.png, id=1048, 1445.4pt x 903.375pt>
File: ../Site/charts.png Graphic file (type png)
<use ../Site/charts.png>
Package pdftex.def Info: ../Site/charts.png  used on input line 2090.
(pdftex.def)             Requested size: 476.98347pt x 310.76872pt.

Overfull \hbox (2.13162pt too wide) in paragraph at lines 2090--2091
 [][] 
 []

<../Site/charts2.png, id=1049, 1445.4pt x 903.375pt>
File: ../Site/charts2.png Graphic file (type png)
<use ../Site/charts2.png>
Package pdftex.def Info: ../Site/charts2.png  used on input line 2096.
(pdftex.def)             Requested size: 476.98347pt x 310.76872pt.

Overfull \hbox (2.13162pt too wide) in paragraph at lines 2096--2097
 [][] 
 []

[73 <../Site/charts.png> <../Site/charts2.png>]
<../Site/contact.png, id=1054, 1445.4pt x 903.375pt>
File: ../Site/contact.png Graphic file (type png)
<use ../Site/contact.png>
Package pdftex.def Info: ../Site/contact.png  used on input line 2111.
(pdftex.def)             Requested size: 476.98347pt x 346.89757pt.

Overfull \hbox (2.13162pt too wide) in paragraph at lines 2111--2112
 [][] 
 []

pdfTeX warning (ext4): destination with the same identifier (name{section.0.7})
 has been already used, duplicate ignored
<to be read again> 
                   \relax 
l.2115 \section{Conclusion}
                            [74 <../Site/contact.png>]

Package hyperref Warning: Token not allowed in a PDF string (PDFDocEncoding):
(hyperref)                removing `\new@ifnextchar' on input line 2131.


Package hyperref Warning: Token not allowed in a PDF string (PDFDocEncoding):
(hyperref)                removing `\@ifnextchar' on input line 2131.

[75]

Package hyperref Warning: Token not allowed in a PDF string (PDFDocEncoding):
(hyperref)                removing `\new@ifnextchar' on input line 2148.


Package hyperref Warning: Token not allowed in a PDF string (PDFDocEncoding):
(hyperref)                removing `\@ifnextchar' on input line 2148.

[76]

Package hyperref Warning: Token not allowed in a PDF string (PDFDocEncoding):
(hyperref)                removing `\new@ifnextchar' on input line 2194.


Package hyperref Warning: Token not allowed in a PDF string (PDFDocEncoding):
(hyperref)                removing `\@ifnextchar' on input line 2194.

LaTeX Font Info:    Try loading font information for T1+cmtt on input line 2198
.
(/usr/share/texlive/texmf-dist/tex/latex/base/t1cmtt.fd
File: t1cmtt.fd 2014/09/29 v2.5h Standard LaTeX font definitions
)
Overfull \hbox (89.2006pt too wide) in paragraph at lines 2197--2226
[]|   [][] 
 []


AED: lastpage setting LastPage
[77]
Package atveryend Info: Empty hook `BeforeClearDocument' on input line 2229.
Package atveryend Info: Empty hook `AfterLastShipout' on input line 2229.
 (/home/nemo/Work/DashRecours/PFE/Memoir/PFE.aux)
Package atveryend Info: Executing hook `AtVeryEndDocument' on input line 2229.
Package atveryend Info: Executing hook `AtEndAfterFileList' on input line 2229.

Package rerunfilecheck Info: File `PFE.out' has not changed.
(rerunfilecheck)             Checksum: FDBFA918E97D3D57642F02418F4B9892;4996.
Package atveryend Info: Empty hook `AtVeryVeryEnd' on input line 2229.
 ) 
Here is how much of TeX's memory you used:
 30815 strings out of 492982
 578743 string characters out of 6134895
 720476 words of memory out of 5000000
 33626 multiletter control sequences out of 15000+600000
 633212 words of font info for 122 fonts, out of 8000000 for 9000
 1141 hyphenation exceptions out of 8191
 55i,17n,75p,10431b,1077s stack positions out of 5000i,500n,10000p,200000b,80000s
{/usr/share/texmf/fonts/enc/dvips/cm-super/cm-super-t1.enc}{/usr/share/texliv
e/texmf-dist/fonts/enc/dvips/base/8r.enc}</usr/share/texlive/texmf-dist/fonts/t
ype1/public/amsfonts/cm/cmsy10.pfb></usr/share/texmf/fonts/type1/public/cm-supe
r/sftt1440.pfb></usr/share/texlive/texmf-dist/fonts/type1/urw/times/utmb8a.pfb>
</usr/share/texlive/texmf-dist/fonts/type1/urw/times/utmbi8a.pfb></usr/share/te
xlive/texmf-dist/fonts/type1/urw/times/utmr8a.pfb></usr/share/texlive/texmf-dis
t/fonts/type1/urw/times/utmri8a.pfb>
Output written on /home/nemo/Work/DashRecours/PFE/Memoir/PFE.pdf (90 pages, 704
6641 bytes).
PDF statistics:
 1159 PDF objects out of 1200 (max. 8388607)
 879 compressed objects within 9 object streams
 219 named destinations out of 1000 (max. 500000)
 973 words of extra memory for PDF output out of 10000 (max. 10000000)

